2023-05-23 18:24:55.198 [main] DEBUG com.soft2242.one.ServerApplication - Running with Spring Boot v3.0.5, Spring v6.0.7
2023-05-23 18:24:58.066 [main] DEBUG c.s.o.b.security.filter.AuthenticationTokenFilter - Filter 'authenticationTokenFilter' configured for use
2023-05-23 18:25:52.811 [main] DEBUG com.soft2242.one.ServerApplication - Running with Spring Boot v3.0.5, Spring v6.0.7
2023-05-23 18:25:55.534 [main] DEBUG c.s.o.b.security.filter.AuthenticationTokenFilter - Filter 'authenticationTokenFilter' configured for use
2023-05-23 18:28:49.477 [main] DEBUG com.soft2242.one.ServerApplication - Running with Spring Boot v3.0.5, Spring v6.0.7
2023-05-23 18:28:52.181 [main] DEBUG c.s.o.b.security.filter.AuthenticationTokenFilter - Filter 'authenticationTokenFilter' configured for use
2023-05-23 19:02:07.622 [main] DEBUG com.soft2242.one.ServerApplication - Running with Spring Boot v3.0.5, Spring v6.0.7
2023-05-23 19:02:10.438 [main] DEBUG c.s.o.b.security.filter.AuthenticationTokenFilter - Filter 'authenticationTokenFilter' configured for use
2023-05-23 19:03:53.634 [main] DEBUG com.soft2242.one.ServerApplication - Running with Spring Boot v3.0.5, Spring v6.0.7
2023-05-23 19:03:56.335 [main] DEBUG c.s.o.b.security.filter.AuthenticationTokenFilter - Filter 'authenticationTokenFilter' configured for use
2023-05-23 19:04:12.905 [main] DEBUG com.soft2242.one.ServerApplication - Running with Spring Boot v3.0.5, Spring v6.0.7
2023-05-23 19:04:15.696 [main] DEBUG c.s.o.b.security.filter.AuthenticationTokenFilter - Filter 'authenticationTokenFilter' configured for use
2023-05-23 19:05:18.790 [main] DEBUG com.soft2242.one.ServerApplication - Running with Spring Boot v3.0.5, Spring v6.0.7
2023-05-23 19:05:21.701 [main] DEBUG c.s.o.b.security.filter.AuthenticationTokenFilter - Filter 'authenticationTokenFilter' configured for use
2023-05-23 19:05:42.163 [main] DEBUG com.soft2242.one.ServerApplication - Running with Spring Boot v3.0.5, Spring v6.0.7
2023-05-23 19:05:45.078 [main] DEBUG c.s.o.b.security.filter.AuthenticationTokenFilter - Filter 'authenticationTokenFilter' configured for use
2023-05-23 19:08:27.894 [main] DEBUG com.soft2242.one.ServerApplication - Running with Spring Boot v3.0.5, Spring v6.0.7
2023-05-23 19:08:30.655 [main] DEBUG c.s.o.b.security.filter.AuthenticationTokenFilter - Filter 'authenticationTokenFilter' configured for use
2023-05-23 19:11:34.321 [main] DEBUG com.soft2242.one.ServerApplication - Running with Spring Boot v3.0.5, Spring v6.0.7
2023-05-23 19:11:37.378 [main] DEBUG c.s.o.b.security.filter.AuthenticationTokenFilter - Filter 'authenticationTokenFilter' configured for use
2023-05-23 19:11:55.899 [main] DEBUG com.soft2242.one.ServerApplication - Running with Spring Boot v3.0.5, Spring v6.0.7
2023-05-23 19:11:58.724 [main] DEBUG c.s.o.b.security.filter.AuthenticationTokenFilter - Filter 'authenticationTokenFilter' configured for use
2023-05-23 19:16:10.415 [main] DEBUG com.soft2242.one.ServerApplication - Running with Spring Boot v3.0.5, Spring v6.0.7
2023-05-23 19:16:14.035 [main] DEBUG c.s.o.b.security.filter.AuthenticationTokenFilter - Filter 'authenticationTokenFilter' configured for use
2023-05-23 19:19:29.782 [main] DEBUG com.soft2242.one.ServerApplication - Running with Spring Boot v3.0.5, Spring v6.0.7
2023-05-23 19:19:32.563 [main] DEBUG c.s.o.b.security.filter.AuthenticationTokenFilter - Filter 'authenticationTokenFilter' configured for use
2023-05-23 19:19:41.394 [http-nio-8080-exec-9] DEBUG com.soft2242.one.system.dao.SysUserDao.selectList - ==>  Preparing: SELECT id,username,password,real_name,avatar,gender,email,phone,org_id,super_admin,status,creator,create_time,updater,update_time,deleted FROM sys_admin WHERE deleted=0 AND (username = ?)
2023-05-23 19:19:41.411 [http-nio-8080-exec-9] DEBUG com.soft2242.one.system.dao.SysUserDao.selectList - ==> Parameters: admin(String)
2023-05-23 19:22:11.832 [main] DEBUG com.soft2242.one.ServerApplication - Running with Spring Boot v3.0.5, Spring v6.0.7
2023-05-23 19:22:14.487 [main] DEBUG c.s.o.b.security.filter.AuthenticationTokenFilter - Filter 'authenticationTokenFilter' configured for use
2023-05-23 19:22:22.035 [http-nio-8080-exec-1] DEBUG com.soft2242.one.system.dao.SysUserDao.selectList - ==>  Preparing: SELECT id,username,password,avatar,gender,email,phone,org_id,super_admin,status,creator,create_time,updater,update_time,deleted FROM sys_admin WHERE deleted=0 AND (username = ?)
2023-05-23 19:22:22.054 [http-nio-8080-exec-1] DEBUG com.soft2242.one.system.dao.SysUserDao.selectList - ==> Parameters: admin(String)
2023-05-23 19:25:07.750 [main] DEBUG com.soft2242.one.ServerApplication - Running with Spring Boot v3.0.5, Spring v6.0.7
2023-05-23 19:25:10.457 [main] DEBUG c.s.o.b.security.filter.AuthenticationTokenFilter - Filter 'authenticationTokenFilter' configured for use
2023-05-23 19:25:20.841 [http-nio-8080-exec-1] DEBUG com.soft2242.one.system.dao.SysUserDao.selectList - ==>  Preparing: SELECT id,username,password,phone,super_admin,account_status,online_status,creator,create_time,updater,update_time,deleted FROM sys_admin WHERE deleted=0 AND (username = ?)
2023-05-23 19:25:20.860 [http-nio-8080-exec-1] DEBUG com.soft2242.one.system.dao.SysUserDao.selectList - ==> Parameters: admin(String)
2023-05-23 19:25:20.895 [http-nio-8080-exec-1] DEBUG com.soft2242.one.system.dao.SysUserDao.selectList - <==      Total: 1
2023-05-23 19:27:11.916 [main] DEBUG com.soft2242.one.ServerApplication - Running with Spring Boot v3.0.5, Spring v6.0.7
2023-05-23 19:27:14.594 [main] DEBUG c.s.o.b.security.filter.AuthenticationTokenFilter - Filter 'authenticationTokenFilter' configured for use
2023-05-23 19:27:24.214 [http-nio-8080-exec-1] DEBUG com.soft2242.one.system.dao.SysUserDao.selectList - ==>  Preparing: SELECT id,username,password,phone,super_admin,account_status,online_status,creator,create_time,updater,update_time,deleted FROM sys_admin WHERE deleted=0 AND (username = ?)
2023-05-23 19:27:24.234 [http-nio-8080-exec-1] DEBUG com.soft2242.one.system.dao.SysUserDao.selectList - ==> Parameters: admin(String)
2023-05-23 19:27:24.272 [http-nio-8080-exec-1] DEBUG com.soft2242.one.system.dao.SysUserDao.selectList - <==      Total: 1
2023-05-23 19:29:52.725 [main] DEBUG com.soft2242.one.ServerApplication - Running with Spring Boot v3.0.5, Spring v6.0.7
2023-05-23 19:29:55.454 [main] DEBUG c.s.o.b.security.filter.AuthenticationTokenFilter - Filter 'authenticationTokenFilter' configured for use
2023-05-23 19:30:02.146 [http-nio-8080-exec-1] DEBUG com.soft2242.one.system.dao.SysUserDao.selectList - ==>  Preparing: SELECT id,username,password,phone,super_admin,account_status,online_status,creator,create_time,updater,update_time,deleted FROM sys_admin WHERE deleted=0 AND (username = ?)
2023-05-23 19:30:02.164 [http-nio-8080-exec-1] DEBUG com.soft2242.one.system.dao.SysUserDao.selectList - ==> Parameters: admin(String)
2023-05-23 19:30:02.196 [http-nio-8080-exec-1] DEBUG com.soft2242.one.system.dao.SysUserDao.selectList - <==      Total: 1
2023-05-23 19:30:53.366 [main] DEBUG com.soft2242.one.ServerApplication - Running with Spring Boot v3.0.5, Spring v6.0.7
2023-05-23 19:30:56.084 [main] DEBUG c.s.o.b.security.filter.AuthenticationTokenFilter - Filter 'authenticationTokenFilter' configured for use
2023-05-23 19:31:01.916 [http-nio-8080-exec-1] DEBUG com.soft2242.one.system.dao.SysUserDao.selectList - ==>  Preparing: SELECT id,username,password,phone,super_admin,account_status,online_status,creator,create_time,updater,update_time,deleted FROM sys_admin WHERE deleted=0 AND (username = ?)
2023-05-23 19:31:01.935 [http-nio-8080-exec-1] DEBUG com.soft2242.one.system.dao.SysUserDao.selectList - ==> Parameters: admin(String)
2023-05-23 19:31:01.966 [http-nio-8080-exec-1] DEBUG com.soft2242.one.system.dao.SysUserDao.selectList - <==      Total: 1
2023-05-23 19:33:42.817 [main] DEBUG com.soft2242.one.ServerApplication - Running with Spring Boot v3.0.5, Spring v6.0.7
2023-05-23 19:33:45.625 [main] DEBUG c.s.o.b.security.filter.AuthenticationTokenFilter - Filter 'authenticationTokenFilter' configured for use
2023-05-23 19:33:54.565 [http-nio-8080-exec-24] DEBUG com.soft2242.one.system.dao.SysUserDao.selectList - ==>  Preparing: SELECT id,username,password,phone,super_admin,account_status,online_status,creator,create_time,updater,update_time,deleted FROM sys_admin WHERE deleted=0 AND (username = ?)
2023-05-23 19:33:54.582 [http-nio-8080-exec-24] DEBUG com.soft2242.one.system.dao.SysUserDao.selectList - ==> Parameters: admin(String)
2023-05-23 19:33:54.616 [http-nio-8080-exec-24] DEBUG com.soft2242.one.system.dao.SysUserDao.selectList - <==      Total: 1
2023-05-23 19:39:06.976 [main] DEBUG com.soft2242.one.ServerApplication - Running with Spring Boot v3.0.5, Spring v6.0.7
2023-05-23 19:39:09.728 [main] DEBUG c.s.o.b.security.filter.AuthenticationTokenFilter - Filter 'authenticationTokenFilter' configured for use
2023-05-23 19:39:14.438 [http-nio-8080-exec-1] DEBUG com.soft2242.one.system.dao.SysUserDao.selectList - ==>  Preparing: SELECT id,username,password,phone,super_admin,account_status,online_status,creator,create_time,updater,update_time,deleted FROM sys_admin WHERE deleted=0 AND (username = ?)
2023-05-23 19:39:14.457 [http-nio-8080-exec-1] DEBUG com.soft2242.one.system.dao.SysUserDao.selectList - ==> Parameters: admin(String)
2023-05-23 19:39:14.488 [http-nio-8080-exec-1] DEBUG com.soft2242.one.system.dao.SysUserDao.selectList - <==      Total: 1
2023-05-23 19:39:36.417 [main] DEBUG com.soft2242.one.ServerApplication - Running with Spring Boot v3.0.5, Spring v6.0.7
2023-05-23 19:39:39.250 [main] DEBUG c.s.o.b.security.filter.AuthenticationTokenFilter - Filter 'authenticationTokenFilter' configured for use
2023-05-23 19:39:50.384 [http-nio-8080-exec-1] DEBUG com.soft2242.one.system.dao.SysUserDao.selectList - ==>  Preparing: SELECT id,username,password,phone,super_admin,account_status,online_status,creator,create_time,updater,update_time,deleted FROM sys_admin WHERE deleted=0 AND (username = ?)
2023-05-23 19:39:50.404 [http-nio-8080-exec-1] DEBUG com.soft2242.one.system.dao.SysUserDao.selectList - ==> Parameters: admin(String)
2023-05-23 19:39:50.434 [http-nio-8080-exec-1] DEBUG com.soft2242.one.system.dao.SysUserDao.selectList - <==      Total: 1
2023-05-23 19:42:52.313 [main] DEBUG com.soft2242.one.ServerApplication - Running with Spring Boot v3.0.5, Spring v6.0.7
2023-05-23 19:42:55.123 [main] DEBUG c.s.o.b.security.filter.AuthenticationTokenFilter - Filter 'authenticationTokenFilter' configured for use
2023-05-23 19:43:09.821 [http-nio-8080-exec-1] DEBUG com.soft2242.one.system.dao.SysUserDao.selectList - ==>  Preparing: SELECT id,username,password,phone,super_admin,account_status,online_status,creator,create_time,updater,update_time,deleted FROM sys_admin WHERE deleted=0 AND (username = ?)
2023-05-23 19:43:09.838 [http-nio-8080-exec-1] DEBUG com.soft2242.one.system.dao.SysUserDao.selectList - ==> Parameters: admin(String)
2023-05-23 19:43:09.871 [http-nio-8080-exec-1] DEBUG com.soft2242.one.system.dao.SysUserDao.selectList - <==      Total: 1
2023-05-23 19:45:17.357 [main] DEBUG com.soft2242.one.ServerApplication - Running with Spring Boot v3.0.5, Spring v6.0.7
2023-05-23 19:45:20.156 [main] DEBUG c.s.o.b.security.filter.AuthenticationTokenFilter - Filter 'authenticationTokenFilter' configured for use
2023-05-23 19:45:43.102 [http-nio-8080-exec-1] DEBUG com.soft2242.one.system.dao.SysUserDao.selectList - ==>  Preparing: SELECT id,username,password,phone,super_admin,account_status,online_status,creator,create_time,updater,update_time,deleted FROM sys_admin WHERE deleted=0 AND (username = ?)
2023-05-23 19:45:43.122 [http-nio-8080-exec-1] DEBUG com.soft2242.one.system.dao.SysUserDao.selectList - ==> Parameters: admin(String)
2023-05-23 19:45:43.154 [http-nio-8080-exec-1] DEBUG com.soft2242.one.system.dao.SysUserDao.selectList - <==      Total: 1
2023-05-23 19:48:29.912 [main] DEBUG com.soft2242.one.ServerApplication - Running with Spring Boot v3.0.5, Spring v6.0.7
2023-05-23 19:48:32.680 [main] DEBUG c.s.o.b.security.filter.AuthenticationTokenFilter - Filter 'authenticationTokenFilter' configured for use
2023-05-23 19:48:40.959 [http-nio-8080-exec-1] DEBUG com.soft2242.one.system.dao.SysUserDao.selectList - ==>  Preparing: SELECT id,username,password,phone,super_admin,account_status,online_status,creator,create_time,updater,update_time,deleted FROM sys_admin WHERE deleted=0 AND (username = ?)
2023-05-23 19:48:40.978 [http-nio-8080-exec-1] DEBUG com.soft2242.one.system.dao.SysUserDao.selectList - ==> Parameters: admin(String)
2023-05-23 19:48:41.008 [http-nio-8080-exec-1] DEBUG com.soft2242.one.system.dao.SysUserDao.selectList - <==      Total: 1
2023-05-23 19:49:20.121 [main] DEBUG com.soft2242.one.ServerApplication - Running with Spring Boot v3.0.5, Spring v6.0.7
2023-05-23 19:49:22.946 [main] DEBUG c.s.o.b.security.filter.AuthenticationTokenFilter - Filter 'authenticationTokenFilter' configured for use
2023-05-23 19:49:30.909 [http-nio-8080-exec-1] DEBUG com.soft2242.one.system.dao.SysUserDao.selectList - ==>  Preparing: SELECT id,username,password,phone,super_admin,account_status,online_status,creator,create_time,updater,update_time,deleted FROM sys_admin WHERE deleted=0 AND (username = ?)
2023-05-23 19:49:30.928 [http-nio-8080-exec-1] DEBUG com.soft2242.one.system.dao.SysUserDao.selectList - ==> Parameters: admin(String)
2023-05-23 19:49:30.960 [http-nio-8080-exec-1] DEBUG com.soft2242.one.system.dao.SysUserDao.selectList - <==      Total: 1
2023-05-23 19:52:07.921 [main] DEBUG com.soft2242.one.ServerApplication - Running with Spring Boot v3.0.5, Spring v6.0.7
2023-05-23 19:52:10.596 [main] DEBUG c.s.o.b.security.filter.AuthenticationTokenFilter - Filter 'authenticationTokenFilter' configured for use
2023-05-23 19:52:14.860 [http-nio-8080-exec-10] DEBUG com.soft2242.one.system.dao.SysUserDao.selectList - ==>  Preparing: SELECT id,username,password,phone,super_admin,account_status,online_status,creator,create_time,updater,update_time,deleted FROM sys_admin WHERE deleted=0 AND (username = ?)
2023-05-23 19:52:14.877 [http-nio-8080-exec-10] DEBUG com.soft2242.one.system.dao.SysUserDao.selectList - ==> Parameters: admin(String)
2023-05-23 19:52:14.913 [http-nio-8080-exec-10] DEBUG com.soft2242.one.system.dao.SysUserDao.selectList - <==      Total: 1
2023-05-23 20:36:25.155 [main] DEBUG com.soft2242.one.ServerApplication - Running with Spring Boot v3.0.5, Spring v6.0.7
2023-05-23 20:36:27.869 [main] DEBUG c.s.o.b.security.filter.AuthenticationTokenFilter - Filter 'authenticationTokenFilter' configured for use
2023-05-23 20:36:45.154 [main] DEBUG com.soft2242.one.ServerApplication - Running with Spring Boot v3.0.5, Spring v6.0.7
2023-05-23 20:36:47.918 [main] DEBUG c.s.o.b.security.filter.AuthenticationTokenFilter - Filter 'authenticationTokenFilter' configured for use
2023-05-23 20:38:22.610 [http-nio-8080-exec-28] DEBUG com.soft2242.one.system.dao.SysUserDao.selectList - ==>  Preparing: SELECT id,username,password,phone,super_admin,account_status,online_status,creator,create_time,updater,update_time,deleted FROM sys_admin WHERE deleted=0 AND (username = ?)
2023-05-23 20:38:22.629 [http-nio-8080-exec-28] DEBUG com.soft2242.one.system.dao.SysUserDao.selectList - ==> Parameters: admin(String)
2023-05-23 20:38:22.671 [http-nio-8080-exec-28] DEBUG com.soft2242.one.system.dao.SysUserDao.selectList - <==      Total: 1
2023-05-23 20:38:34.664 [http-nio-8080-exec-12] DEBUG c.s.one.system.dao.SysUserInfoDao.getByAdminId - ==>  Preparing: select * from sys_admin t1, sys_admin_info t2 where t1.id = t2.admin_id and t1.id = ?
2023-05-23 20:38:34.665 [http-nio-8080-exec-12] DEBUG c.s.one.system.dao.SysUserInfoDao.getByAdminId - ==> Parameters: 10000(Long)
2023-05-23 20:38:34.683 [http-nio-8080-exec-12] DEBUG c.s.one.system.dao.SysUserInfoDao.getByAdminId - <==      Total: 1
2023-05-23 20:42:06.535 [main] DEBUG com.soft2242.one.ServerApplication - Running with Spring Boot v3.0.5, Spring v6.0.7
2023-05-23 20:42:09.264 [main] DEBUG c.s.o.b.security.filter.AuthenticationTokenFilter - Filter 'authenticationTokenFilter' configured for use
2023-05-23 20:42:22.057 [http-nio-8080-exec-14] DEBUG c.s.one.system.dao.SysUserInfoDao.getByAdminId - ==>  Preparing: select * from sys_admin t1, sys_admin_info t2 where t1.id = t2.admin_id and t1.id = ?
2023-05-23 20:42:22.077 [http-nio-8080-exec-14] DEBUG c.s.one.system.dao.SysUserInfoDao.getByAdminId - ==> Parameters: 10000(Long)
2023-05-23 20:42:22.110 [http-nio-8080-exec-14] DEBUG c.s.one.system.dao.SysUserInfoDao.getByAdminId - <==      Total: 1
2023-05-23 20:44:29.724 [main] DEBUG com.soft2242.one.ServerApplication - Running with Spring Boot v3.0.5, Spring v6.0.7
2023-05-23 20:44:32.833 [main] DEBUG c.s.o.b.security.filter.AuthenticationTokenFilter - Filter 'authenticationTokenFilter' configured for use
2023-05-23 20:44:42.945 [http-nio-8080-exec-1] DEBUG c.s.one.system.dao.SysUserInfoDao.getByAdminId - ==>  Preparing: select * from sys_admin t1, sys_admin_info t2 where t1.id = t2.admin_id and t1.id = ?
2023-05-23 20:44:43.119 [http-nio-8080-exec-1] DEBUG c.s.one.system.dao.SysUserInfoDao.getByAdminId - ==> Parameters: 10000(Long)
2023-05-23 20:44:43.293 [http-nio-8080-exec-1] DEBUG c.s.one.system.dao.SysUserInfoDao.getByAdminId - <==      Total: 1
2023-05-23 20:50:43.225 [main] DEBUG com.soft2242.one.ServerApplication - Running with Spring Boot v3.0.5, Spring v6.0.7
2023-05-23 20:50:45.972 [main] DEBUG c.s.o.b.security.filter.AuthenticationTokenFilter - Filter 'authenticationTokenFilter' configured for use
2023-05-23 20:50:55.500 [http-nio-8080-exec-1] DEBUG c.s.one.system.dao.SysUserInfoDao.getByAdminId - ==>  Preparing: select * from sys_admin t1, sys_admin_info t2 where t1.id = t2.admin_id and t1.id = ?
2023-05-23 20:50:55.518 [http-nio-8080-exec-1] DEBUG c.s.one.system.dao.SysUserInfoDao.getByAdminId - ==> Parameters: 10000(Long)
2023-05-23 20:50:55.553 [http-nio-8080-exec-1] DEBUG c.s.one.system.dao.SysUserInfoDao.getByAdminId - <==      Total: 1
2023-05-23 20:53:43.360 [main] DEBUG com.soft2242.one.ServerApplication - Running with Spring Boot v3.0.5, Spring v6.0.7
2023-05-23 20:53:46.394 [main] DEBUG c.s.o.b.security.filter.AuthenticationTokenFilter - Filter 'authenticationTokenFilter' configured for use
2023-05-23 20:54:03.134 [http-nio-8080-exec-9] DEBUG c.s.one.system.dao.SysUserInfoDao.getByAdminId - ==>  Preparing: select * from sys_admin t1, sys_admin_info t2 where t1.id = t2.admin_id and t1.id = ?
2023-05-23 20:54:03.313 [http-nio-8080-exec-9] DEBUG c.s.one.system.dao.SysUserInfoDao.getByAdminId - ==> Parameters: 10000(Long)
2023-05-23 20:54:03.489 [http-nio-8080-exec-9] DEBUG c.s.one.system.dao.SysUserInfoDao.getByAdminId - <==      Total: 1
2023-05-23 21:09:23.553 [main] DEBUG com.soft2242.one.ServerApplication - Running with Spring Boot v3.0.5, Spring v6.0.7
2023-05-23 21:09:26.438 [main] DEBUG c.s.o.b.security.filter.AuthenticationTokenFilter - Filter 'authenticationTokenFilter' configured for use
2023-05-23 21:09:40.135 [http-nio-8080-exec-4] DEBUG c.s.one.system.dao.SysUserInfoDao.getByAdminId - ==>  Preparing: select * from sys_admin t1, sys_admin_info t2 where t1.id = t2.admin_id and t1.id = ?
2023-05-23 21:09:40.156 [http-nio-8080-exec-4] DEBUG c.s.one.system.dao.SysUserInfoDao.getByAdminId - ==> Parameters: 10000(Long)
2023-05-23 21:09:40.193 [http-nio-8080-exec-4] DEBUG c.s.one.system.dao.SysUserInfoDao.getByAdminId - <==      Total: 1
2023-05-23 21:10:01.774 [http-nio-8080-exec-13] DEBUG c.s.one.system.dao.SysUserInfoDao.getByAdminId - ==>  Preparing: select * from sys_admin t1, sys_admin_info t2 where t1.id = t2.admin_id and t1.id = ?
2023-05-23 21:10:01.774 [http-nio-8080-exec-13] DEBUG c.s.one.system.dao.SysUserInfoDao.getByAdminId - ==> Parameters: 10000(Long)
2023-05-23 21:10:01.794 [http-nio-8080-exec-13] DEBUG c.s.one.system.dao.SysUserInfoDao.getByAdminId - <==      Total: 1
2023-05-23 21:11:19.442 [main] DEBUG com.soft2242.one.ServerApplication - Running with Spring Boot v3.0.5, Spring v6.0.7
2023-05-23 21:11:22.178 [main] DEBUG c.s.o.b.security.filter.AuthenticationTokenFilter - Filter 'authenticationTokenFilter' configured for use
2023-05-23 21:11:34.305 [http-nio-8080-exec-1] DEBUG c.s.one.system.dao.SysUserInfoDao.getByAdminId - ==>  Preparing: select * from sys_admin t1, sys_admin_info t2 where t1.id = t2.admin_id and t1.id = ?
2023-05-23 21:11:34.325 [http-nio-8080-exec-1] DEBUG c.s.one.system.dao.SysUserInfoDao.getByAdminId - ==> Parameters: 10000(Long)
2023-05-23 21:11:34.359 [http-nio-8080-exec-1] DEBUG c.s.one.system.dao.SysUserInfoDao.getByAdminId - <==      Total: 1
2023-05-24 15:33:47.365 [main] DEBUG com.soft2242.one.ServerApplication - Running with Spring Boot v3.0.5, Spring v6.0.7
2023-05-24 15:33:50.370 [main] DEBUG c.s.o.b.security.filter.AuthenticationTokenFilter - Filter 'authenticationTokenFilter' configured for use
2023-05-24 15:34:21.789 [http-nio-8080-exec-9] DEBUG com.soft2242.one.system.dao.SysUserDao.selectList - ==>  Preparing: SELECT id,username,password,phone,super_admin,account_status,online_status,creator,create_time,updater,update_time,deleted FROM sys_admin WHERE deleted=0 AND (username = ?)
2023-05-24 15:34:21.811 [http-nio-8080-exec-9] DEBUG com.soft2242.one.system.dao.SysUserDao.selectList - ==> Parameters: admin(String)
2023-05-24 15:34:21.845 [http-nio-8080-exec-9] DEBUG com.soft2242.one.system.dao.SysUserDao.selectList - <==      Total: 1
2023-05-24 15:35:38.297 [main] DEBUG com.soft2242.one.ServerApplication - Running with Spring Boot v3.0.5, Spring v6.0.7
2023-05-24 15:35:41.108 [main] DEBUG c.s.o.b.security.filter.AuthenticationTokenFilter - Filter 'authenticationTokenFilter' configured for use
2023-05-24 15:35:52.512 [http-nio-8080-exec-9] DEBUG com.soft2242.one.system.dao.SysUserDao.selectList - ==>  Preparing: SELECT id,username,password,phone,super_admin,account_status,online_status,creator,create_time,updater,update_time,deleted FROM sys_admin WHERE deleted=0 AND (username = ?)
2023-05-24 15:35:52.533 [http-nio-8080-exec-9] DEBUG com.soft2242.one.system.dao.SysUserDao.selectList - ==> Parameters: admin(String)
2023-05-24 15:35:52.568 [http-nio-8080-exec-9] DEBUG com.soft2242.one.system.dao.SysUserDao.selectList - <==      Total: 1
2023-05-24 15:41:56.153 [main] DEBUG com.soft2242.one.ServerApplication - Running with Spring Boot v3.0.5, Spring v6.0.7
2023-05-24 15:41:58.873 [main] DEBUG c.s.o.b.security.filter.AuthenticationTokenFilter - Filter 'authenticationTokenFilter' configured for use
2023-05-24 15:42:18.972 [http-nio-8080-exec-12] DEBUG com.soft2242.one.system.dao.SysUserDao.getMaxId - ==>  Preparing: select max(id) from sys_admin
2023-05-24 15:42:18.991 [http-nio-8080-exec-12] DEBUG com.soft2242.one.system.dao.SysUserDao.getMaxId - ==> Parameters: 
2023-05-24 15:42:19.021 [http-nio-8080-exec-12] DEBUG com.soft2242.one.system.dao.SysUserDao.getMaxId - <==      Total: 1
2023-05-24 15:42:19.054 [http-nio-8080-exec-12] DEBUG com.soft2242.one.system.dao.SysUserDao.insert - ==>  Preparing: INSERT INTO sys_admin ( id, username, password, account_status, online_status, creator, create_time, updater, update_time, deleted ) VALUES ( ?, ?, ?, ?, ?, ?, ?, ?, ?, ? )
2023-05-24 15:42:19.056 [http-nio-8080-exec-12] DEBUG com.soft2242.one.system.dao.SysUserDao.insert - ==> Parameters: 10001(Long), ls(String), {bcrypt}$2a$10$CgCmsYWZDcIj.SbtyJq6AuatQKRhSai2hhGI6Ni87T.qrecjGIwAa(String), 1(Integer), 0(Integer), 10000(Long), 2023-05-24 15:42:18.531(Timestamp), 10000(Long), 2023-05-24 15:42:18.531(Timestamp), 0(Integer)
2023-05-24 15:42:19.096 [http-nio-8080-exec-12] DEBUG com.soft2242.one.system.dao.SysUserDao.insert - <==    Updates: 1
2023-05-24 15:42:19.103 [http-nio-8080-exec-12] DEBUG com.soft2242.one.system.dao.SysUserInfoDao.insert - ==>  Preparing: INSERT INTO sys_admin_info ( admin_id, real_name, avatar, gender, sort, creator, create_time, updater, update_time, deleted ) VALUES ( ?, ?, ?, ?, ?, ?, ?, ?, ?, ? )
2023-05-24 15:42:19.104 [http-nio-8080-exec-12] DEBUG com.soft2242.one.system.dao.SysUserInfoDao.insert - ==> Parameters: 10001(Long), 默认用户名(String), hangzhou.aliyuncs.com/avatar/me.png(String), 0(Integer), 0(Integer), 10000(Long), 2023-05-24 15:42:18.531(Timestamp), 10000(Long), 2023-05-24 15:42:18.531(Timestamp), 0(Integer)
2023-05-24 15:42:19.139 [http-nio-8080-exec-12] DEBUG com.soft2242.one.system.dao.SysUserInfoDao.insert - <==    Updates: 1
2023-05-24 15:51:32.495 [main] DEBUG com.soft2242.one.ServerApplication - Running with Spring Boot v3.0.5, Spring v6.0.7
2023-05-24 15:51:35.553 [main] DEBUG c.s.o.b.security.filter.AuthenticationTokenFilter - Filter 'authenticationTokenFilter' configured for use
2023-05-24 15:51:59.544 [http-nio-8080-exec-9] DEBUG com.soft2242.one.system.dao.SysUserDao.selectList - ==>  Preparing: SELECT id,username,password,phone,super_admin,account_status,online_status,creator,create_time,updater,update_time,deleted FROM sys_admin WHERE deleted=0 AND (username = ?)
2023-05-24 15:51:59.562 [http-nio-8080-exec-9] DEBUG com.soft2242.one.system.dao.SysUserDao.selectList - ==> Parameters: admin(String)
2023-05-24 15:51:59.596 [http-nio-8080-exec-9] DEBUG com.soft2242.one.system.dao.SysUserDao.selectList - <==      Total: 1
2023-05-24 15:52:05.295 [http-nio-8080-exec-10] DEBUG com.soft2242.one.system.dao.SysUserDao.selectList - ==>  Preparing: SELECT id,username,password,phone,super_admin,account_status,online_status,creator,create_time,updater,update_time,deleted FROM sys_admin WHERE deleted=0 AND (username = ?)
2023-05-24 15:52:05.296 [http-nio-8080-exec-10] DEBUG com.soft2242.one.system.dao.SysUserDao.selectList - ==> Parameters: admin(String)
2023-05-24 15:52:05.314 [http-nio-8080-exec-10] DEBUG com.soft2242.one.system.dao.SysUserDao.selectList - <==      Total: 1
2023-05-24 16:56:06.065 [main] DEBUG com.soft2242.one.ServerApplication - Running with Spring Boot v3.0.5, Spring v6.0.7
2023-05-24 16:56:09.107 [main] DEBUG c.s.o.b.security.filter.AuthenticationTokenFilter - Filter 'authenticationTokenFilter' configured for use
2023-05-24 16:56:35.374 [http-nio-8080-exec-9] DEBUG com.soft2242.one.system.dao.SysUserDao.selectList - ==>  Preparing: SELECT id,username,password,phone,super_admin,account_status,online_status,creator,create_time,updater,update_time,deleted FROM sys_admin WHERE deleted=0 AND (username = ?)
2023-05-24 16:56:35.393 [http-nio-8080-exec-9] DEBUG com.soft2242.one.system.dao.SysUserDao.selectList - ==> Parameters: admin(String)
2023-05-24 16:56:35.425 [http-nio-8080-exec-9] DEBUG com.soft2242.one.system.dao.SysUserDao.selectList - <==      Total: 1
2023-05-24 16:56:45.626 [http-nio-8080-exec-10] DEBUG com.soft2242.one.system.dao.SysUserDao.selectList - ==>  Preparing: SELECT id,username,password,phone,super_admin,account_status,online_status,creator,create_time,updater,update_time,deleted FROM sys_admin WHERE deleted=0 AND (username = ?)
2023-05-24 16:56:45.627 [http-nio-8080-exec-10] DEBUG com.soft2242.one.system.dao.SysUserDao.selectList - ==> Parameters: admin(String)
2023-05-24 16:56:45.641 [http-nio-8080-exec-10] DEBUG com.soft2242.one.system.dao.SysUserDao.selectList - <==      Total: 1
2023-05-24 16:56:45.762 [http-nio-8080-exec-10] DEBUG com.soft2242.one.system.dao.SysLoginLogDao.insert - ==>  Preparing: INSERT INTO t_system_operation_log ( login_time, terminal_type, browser_type, os, device_name, device_mac, login_ip, deleted, create_time ) VALUES ( ?, ?, ?, ?, ?, ?, ?, ?, ? )
2023-05-24 16:56:45.763 [http-nio-8080-exec-10] DEBUG com.soft2242.one.system.dao.SysLoginLogDao.insert - ==> Parameters: 2023-05-24 16:56:45.757(Timestamp), Windows终端(String), Mozilla/5.0 (Windows NT 10.0; Win64; x64; rv:109.0) Gecko/20100101 Firefox/113.0(String), Windows 11(String), local.id.seewo.com(String), 00-50-56-C0-00-08(String), 127.0.0.1(String), 0(Integer), 2023-05-24 16:56:45.757(Timestamp)
2023-05-24 16:58:57.898 [http-nio-8080-exec-13] DEBUG com.soft2242.one.system.dao.SysUserDao.selectList - ==>  Preparing: SELECT id,username,password,phone,super_admin,account_status,online_status,creator,create_time,updater,update_time,deleted FROM sys_admin WHERE deleted=0 AND (username = ?)
2023-05-24 16:58:57.899 [http-nio-8080-exec-13] DEBUG com.soft2242.one.system.dao.SysUserDao.selectList - ==> Parameters: admin(String)
2023-05-24 16:58:57.914 [http-nio-8080-exec-13] DEBUG com.soft2242.one.system.dao.SysUserDao.selectList - <==      Total: 1
2023-05-24 16:58:58.028 [http-nio-8080-exec-13] DEBUG com.soft2242.one.system.dao.SysLoginLogDao.insert - ==>  Preparing: INSERT INTO t_system_operation_log ( login_time, terminal_type, browser_type, os, device_name, device_mac, login_ip, deleted, create_time ) VALUES ( ?, ?, ?, ?, ?, ?, ?, ?, ? )
2023-05-24 16:58:58.029 [http-nio-8080-exec-13] DEBUG com.soft2242.one.system.dao.SysLoginLogDao.insert - ==> Parameters: 2023-05-24 16:56:45.757(Timestamp), Windows终端(String), Mozilla/5.0 (Windows NT 10.0; Win64; x64; rv:109.0) Gecko/20100101 Firefox/113.0(String), Windows 11(String), local.id.seewo.com(String), 00-50-56-C0-00-08(String), 127.0.0.1(String), 0(Integer), 2023-05-24 16:56:45.757(Timestamp)
2023-05-24 16:58:58.063 [http-nio-8080-exec-13] DEBUG com.soft2242.one.system.dao.SysLoginLogDao.insert - <==    Updates: 1
2023-05-24 17:00:06.773 [main] DEBUG com.soft2242.one.ServerApplication - Running with Spring Boot v3.0.5, Spring v6.0.7
2023-05-24 17:00:09.771 [main] DEBUG c.s.o.b.security.filter.AuthenticationTokenFilter - Filter 'authenticationTokenFilter' configured for use
2023-05-24 17:00:32.020 [http-nio-8080-exec-1] DEBUG com.soft2242.one.system.dao.SysUserDao.selectList - ==>  Preparing: SELECT id,username,password,phone,super_admin,account_status,online_status,creator,create_time,updater,update_time,deleted FROM sys_admin WHERE deleted=0 AND (username = ?)
2023-05-24 17:00:32.040 [http-nio-8080-exec-1] DEBUG com.soft2242.one.system.dao.SysUserDao.selectList - ==> Parameters: admin(String)
2023-05-24 17:00:32.117 [http-nio-8080-exec-1] DEBUG com.soft2242.one.system.dao.SysUserDao.selectList - <==      Total: 1
2023-05-24 17:00:32.247 [http-nio-8080-exec-1] DEBUG com.soft2242.one.system.dao.SysLoginLogDao.insert - ==>  Preparing: INSERT INTO t_system_operation_log ( login_time, terminal_type, browser_type, os, device_name, device_mac, login_ip, deleted, create_time ) VALUES ( ?, ?, ?, ?, ?, ?, ?, ?, ? )
2023-05-24 17:00:32.249 [http-nio-8080-exec-1] DEBUG com.soft2242.one.system.dao.SysLoginLogDao.insert - ==> Parameters: 2023-05-24 17:00:32.243(Timestamp), Windows终端(String), Mozilla/5.0 (Windows NT 10.0; Win64; x64; rv:109.0) Gecko/20100101 Firefox/113.0(String), Windows 11(String), local.id.seewo.com(String), 00-50-56-C0-00-08(String), 127.0.0.1(String), 0(Integer), 2023-05-24 17:00:32.243(Timestamp)
2023-05-24 17:00:32.287 [http-nio-8080-exec-1] DEBUG com.soft2242.one.system.dao.SysLoginLogDao.insert - <==    Updates: 1
2023-05-24 17:00:32.335 [http-nio-8080-exec-1] DEBUG c.s.one.system.dao.SysUserDao.recordLastLoginTime - ==>  Preparing: update sys_admin set last_login_time = ? where id = ?
2023-05-24 17:00:32.335 [http-nio-8080-exec-1] DEBUG c.s.one.system.dao.SysUserDao.recordLastLoginTime - ==> Parameters: 2023-05-24(String), 10000(Long)
2023-05-24 17:04:37.686 [main] DEBUG com.soft2242.one.ServerApplication - Running with Spring Boot v3.0.5, Spring v6.0.7
2023-05-24 17:04:40.557 [main] DEBUG c.s.o.b.security.filter.AuthenticationTokenFilter - Filter 'authenticationTokenFilter' configured for use
2023-05-24 17:04:52.354 [http-nio-8080-exec-25] DEBUG com.soft2242.one.system.dao.SysUserDao.selectList - ==>  Preparing: SELECT id,username,password,phone,super_admin,account_status,online_status,creator,create_time,updater,update_time,deleted FROM sys_admin WHERE deleted=0 AND (username = ?)
2023-05-24 17:04:52.373 [http-nio-8080-exec-25] DEBUG com.soft2242.one.system.dao.SysUserDao.selectList - ==> Parameters: admin(String)
2023-05-24 17:04:52.405 [http-nio-8080-exec-25] DEBUG com.soft2242.one.system.dao.SysUserDao.selectList - <==      Total: 1
2023-05-24 17:04:52.554 [http-nio-8080-exec-25] DEBUG com.soft2242.one.system.dao.SysLoginLogDao.insert - ==>  Preparing: INSERT INTO t_system_operation_log ( login_time, terminal_type, browser_type, os, device_name, device_mac, login_ip, deleted, create_time ) VALUES ( ?, ?, ?, ?, ?, ?, ?, ?, ? )
2023-05-24 17:04:52.555 [http-nio-8080-exec-25] DEBUG com.soft2242.one.system.dao.SysLoginLogDao.insert - ==> Parameters: 2023-05-24 17:04:52.55(Timestamp), Windows终端(String), Mozilla/5.0 (Windows NT 10.0; Win64; x64; rv:109.0) Gecko/20100101 Firefox/113.0(String), Windows 11(String), local.id.seewo.com(String), 00-50-56-C0-00-08(String), 127.0.0.1(String), 0(Integer), 2023-05-24 17:04:52.55(Timestamp)
2023-05-24 17:04:52.588 [http-nio-8080-exec-25] DEBUG com.soft2242.one.system.dao.SysLoginLogDao.insert - <==    Updates: 1
2023-05-24 17:04:52.649 [http-nio-8080-exec-25] DEBUG c.s.o.s.dao.SysUserInfoDao.recordLastLoginTime - ==>  Preparing: update sys_admin_info set last_login_time = ? where admin_id = ?
2023-05-24 17:04:52.649 [http-nio-8080-exec-25] DEBUG c.s.o.s.dao.SysUserInfoDao.recordLastLoginTime - ==> Parameters: 2023-05-24(String), 10000(Long)
2023-05-24 17:04:52.748 [http-nio-8080-exec-25] DEBUG c.s.o.s.dao.SysUserInfoDao.recordLastLoginTime - <==    Updates: 1
2023-05-24 17:09:30.255 [main] DEBUG com.soft2242.one.ServerApplication - Running with Spring Boot v3.0.5, Spring v6.0.7
2023-05-24 17:09:33.108 [main] DEBUG c.s.o.b.security.filter.AuthenticationTokenFilter - Filter 'authenticationTokenFilter' configured for use
2023-05-24 17:09:40.755 [http-nio-8080-exec-1] DEBUG com.soft2242.one.system.dao.SysUserDao.selectList - ==>  Preparing: SELECT id,username,password,phone,super_admin,account_status,online_status,creator,create_time,updater,update_time,deleted FROM sys_admin WHERE deleted=0 AND (username = ?)
2023-05-24 17:09:40.774 [http-nio-8080-exec-1] DEBUG com.soft2242.one.system.dao.SysUserDao.selectList - ==> Parameters: admin(String)
2023-05-24 17:09:40.806 [http-nio-8080-exec-1] DEBUG com.soft2242.one.system.dao.SysUserDao.selectList - <==      Total: 1
2023-05-24 17:09:40.943 [http-nio-8080-exec-1] DEBUG com.soft2242.one.system.dao.SysLoginLogDao.insert - ==>  Preparing: INSERT INTO t_system_operation_log ( login_time, terminal_type, browser_type, os, device_name, device_mac, login_ip, address, deleted, create_time ) VALUES ( ?, ?, ?, ?, ?, ?, ?, ?, ?, ? )
2023-05-24 17:09:40.944 [http-nio-8080-exec-1] DEBUG com.soft2242.one.system.dao.SysLoginLogDao.insert - ==> Parameters: 2023-05-24 17:09:40.937(Timestamp), Windows终端(String), Mozilla/5.0 (Windows NT 10.0; Win64; x64; rv:109.0) Gecko/20100101 Firefox/113.0(String), Windows 11(String), local.id.seewo.com(String), 00-50-56-C0-00-08(String), 127.0.0.1(String), 内网IP(String), 0(Integer), 2023-05-24 17:09:40.937(Timestamp)
2023-05-24 17:09:40.981 [http-nio-8080-exec-1] DEBUG com.soft2242.one.system.dao.SysLoginLogDao.insert - <==    Updates: 1
2023-05-24 17:09:41.032 [http-nio-8080-exec-1] DEBUG c.s.o.s.dao.SysUserInfoDao.recordLastLoginTime - ==>  Preparing: update sys_admin_info set last_login_time = ? where admin_id = ?
2023-05-24 17:09:41.032 [http-nio-8080-exec-1] DEBUG c.s.o.s.dao.SysUserInfoDao.recordLastLoginTime - ==> Parameters: 2023-05-24 17:09:40(String), 10000(Long)
2023-05-24 17:09:41.065 [http-nio-8080-exec-1] DEBUG c.s.o.s.dao.SysUserInfoDao.recordLastLoginTime - <==    Updates: 1
2023-05-24 17:18:57.989 [main] DEBUG com.soft2242.one.ServerApplication - Running with Spring Boot v3.0.5, Spring v6.0.7
2023-05-24 17:19:00.904 [main] DEBUG c.s.o.b.security.filter.AuthenticationTokenFilter - Filter 'authenticationTokenFilter' configured for use
2023-05-24 17:19:27.030 [http-nio-8080-exec-1] DEBUG com.soft2242.one.system.dao.SysUserDao.selectList - ==>  Preparing: SELECT id,username,password,phone,super_admin,account_status,online_status,creator,create_time,updater,update_time,deleted FROM sys_admin WHERE deleted=0 AND (username = ?)
2023-05-24 17:19:27.050 [http-nio-8080-exec-1] DEBUG com.soft2242.one.system.dao.SysUserDao.selectList - ==> Parameters: admin(String)
2023-05-24 17:19:27.084 [http-nio-8080-exec-1] DEBUG com.soft2242.one.system.dao.SysUserDao.selectList - <==      Total: 1
2023-05-24 17:19:27.232 [http-nio-8080-exec-1] DEBUG com.soft2242.one.system.dao.SysLoginLogDao.insert - ==>  Preparing: INSERT INTO t_system_operation_log ( login_time, terminal_type, browser_type, os, device_name, device_mac, login_ip, address, deleted, create_time ) VALUES ( ?, ?, ?, ?, ?, ?, ?, ?, ?, ? )
2023-05-24 17:19:27.234 [http-nio-8080-exec-1] DEBUG com.soft2242.one.system.dao.SysLoginLogDao.insert - ==> Parameters: null, Windows终端(String), Mozilla/5.0 (Windows NT 10.0; Win64; x64; rv:109.0) Gecko/20100101 Firefox/113.0(String), Windows 11(String), local.id.seewo.com(String), 00-50-56-C0-00-08(String), 127.0.0.1(String), 内网IP(String), 0(Integer), 2023-05-24 17:19:27.229(Timestamp)
2023-05-24 17:19:27.270 [http-nio-8080-exec-1] DEBUG com.soft2242.one.system.dao.SysLoginLogDao.insert - <==    Updates: 1
2023-05-24 17:19:27.318 [http-nio-8080-exec-1] DEBUG c.s.o.s.dao.SysUserInfoDao.recordLastLoginTime - ==>  Preparing: update sys_admin_info set last_login_time = ? where admin_id = ?
2023-05-24 17:19:27.318 [http-nio-8080-exec-1] DEBUG c.s.o.s.dao.SysUserInfoDao.recordLastLoginTime - ==> Parameters: 2023-05-24 17:19:27(String), 10000(Long)
2023-05-24 17:19:27.358 [http-nio-8080-exec-1] DEBUG c.s.o.s.dao.SysUserInfoDao.recordLastLoginTime - <==    Updates: 1
2023-05-24 17:22:39.158 [main] DEBUG com.soft2242.one.ServerApplication - Running with Spring Boot v3.0.5, Spring v6.0.7
2023-05-24 17:22:42.140 [main] DEBUG c.s.o.b.security.filter.AuthenticationTokenFilter - Filter 'authenticationTokenFilter' configured for use
2023-05-24 17:22:50.105 [http-nio-8080-exec-1] DEBUG com.soft2242.one.system.dao.SysUserDao.selectList - ==>  Preparing: SELECT id,username,password,phone,super_admin,account_status,online_status,creator,create_time,updater,update_time,deleted FROM sys_admin WHERE deleted=0 AND (username = ?)
2023-05-24 17:22:50.125 [http-nio-8080-exec-1] DEBUG com.soft2242.one.system.dao.SysUserDao.selectList - ==> Parameters: admin(String)
2023-05-24 17:22:50.157 [http-nio-8080-exec-1] DEBUG com.soft2242.one.system.dao.SysUserDao.selectList - <==      Total: 1
2023-05-24 17:22:50.303 [http-nio-8080-exec-1] DEBUG com.soft2242.one.system.dao.SysLoginLogDao.insert - ==>  Preparing: INSERT INTO t_system_operation_log ( login_time, terminal_type, browser_type, os, device_name, device_mac, login_ip, address, deleted, create_time ) VALUES ( ?, ?, ?, ?, ?, ?, ?, ?, ?, ? )
2023-05-24 17:22:50.304 [http-nio-8080-exec-1] DEBUG com.soft2242.one.system.dao.SysLoginLogDao.insert - ==> Parameters: 2023-05-24 17:22:50(String), Windows终端(String), Mozilla/5.0 (Windows NT 10.0; Win64; x64; rv:109.0) Gecko/20100101 Firefox/113.0(String), Windows 11(String), 0:0:0:0:0:0:0:1(String), 00-50-56-C0-00-08(String), 127.0.0.1(String), 内网IP(String), 0(Integer), 2023-05-24 17:22:50(String)
2023-05-24 17:22:50.336 [http-nio-8080-exec-1] DEBUG com.soft2242.one.system.dao.SysLoginLogDao.insert - <==    Updates: 1
2023-05-24 17:22:50.384 [http-nio-8080-exec-1] DEBUG c.s.o.s.dao.SysUserInfoDao.recordLastLoginTime - ==>  Preparing: update sys_admin_info set last_login_time = ? where admin_id = ?
2023-05-24 17:22:50.384 [http-nio-8080-exec-1] DEBUG c.s.o.s.dao.SysUserInfoDao.recordLastLoginTime - ==> Parameters: 2023-05-24 17:22:50(String), 10000(Long)
2023-05-24 17:22:50.415 [http-nio-8080-exec-1] DEBUG c.s.o.s.dao.SysUserInfoDao.recordLastLoginTime - <==    Updates: 1
2023-05-24 17:26:46.176 [main] DEBUG com.soft2242.one.ServerApplication - Running with Spring Boot v3.0.5, Spring v6.0.7
2023-05-24 17:26:49.068 [main] DEBUG c.s.o.b.security.filter.AuthenticationTokenFilter - Filter 'authenticationTokenFilter' configured for use
2023-05-24 17:27:00.529 [http-nio-8080-exec-22] DEBUG com.soft2242.one.system.dao.SysUserDao.selectList - ==>  Preparing: SELECT id,username,password,phone,super_admin,account_status,online_status,creator,create_time,updater,update_time,deleted FROM sys_admin WHERE deleted=0 AND (username = ?)
2023-05-24 17:27:00.549 [http-nio-8080-exec-22] DEBUG com.soft2242.one.system.dao.SysUserDao.selectList - ==> Parameters: admin(String)
2023-05-24 17:27:00.593 [http-nio-8080-exec-22] DEBUG com.soft2242.one.system.dao.SysUserDao.selectList - <==      Total: 1
2023-05-24 17:27:00.731 [http-nio-8080-exec-22] DEBUG com.soft2242.one.system.dao.SysLoginLogDao.insert - ==>  Preparing: INSERT INTO t_system_operation_log ( login_time, terminal_type, browser_type, os, device_name, device_mac, login_ip, address, deleted, create_time ) VALUES ( ?, ?, ?, ?, ?, ?, ?, ?, ?, ? )
2023-05-24 17:27:00.733 [http-nio-8080-exec-22] DEBUG com.soft2242.one.system.dao.SysLoginLogDao.insert - ==> Parameters: 2023-05-24 17:27:00(String), Windows终端(String), Mozilla/5.0 (Windows NT 10.0; Win64; x64; rv:109.0) Gecko/20100101 Firefox/113.0(String), Windows 11(String), 127.0.0.1(String), 00-50-56-C0-00-08(String), 127.0.0.1(String), 内网IP(String), 0(Integer), 2023-05-24 17:27:00(String)
2023-05-24 17:27:00.767 [http-nio-8080-exec-22] DEBUG com.soft2242.one.system.dao.SysLoginLogDao.insert - <==    Updates: 1
2023-05-24 17:27:00.818 [http-nio-8080-exec-22] DEBUG c.s.o.s.dao.SysUserInfoDao.recordLastLoginTime - ==>  Preparing: update sys_admin_info set last_login_time = ? where admin_id = ?
2023-05-24 17:27:00.818 [http-nio-8080-exec-22] DEBUG c.s.o.s.dao.SysUserInfoDao.recordLastLoginTime - ==> Parameters: 2023-05-24 17:27:00(String), 10000(Long)
2023-05-24 17:27:00.847 [http-nio-8080-exec-22] DEBUG c.s.o.s.dao.SysUserInfoDao.recordLastLoginTime - <==    Updates: 1
2023-05-24 17:30:03.239 [main] DEBUG com.soft2242.one.ServerApplication - Running with Spring Boot v3.0.5, Spring v6.0.7
2023-05-24 17:30:06.225 [main] DEBUG c.s.o.b.security.filter.AuthenticationTokenFilter - Filter 'authenticationTokenFilter' configured for use
2023-05-24 17:30:11.026 [http-nio-8080-exec-1] DEBUG com.soft2242.one.system.dao.SysUserDao.selectList - ==>  Preparing: SELECT id,username,password,phone,super_admin,account_status,online_status,creator,create_time,updater,update_time,deleted FROM sys_admin WHERE deleted=0 AND (username = ?)
2023-05-24 17:30:11.045 [http-nio-8080-exec-1] DEBUG com.soft2242.one.system.dao.SysUserDao.selectList - ==> Parameters: admin(String)
2023-05-24 17:30:11.076 [http-nio-8080-exec-1] DEBUG com.soft2242.one.system.dao.SysUserDao.selectList - <==      Total: 1
2023-05-24 17:30:11.221 [http-nio-8080-exec-1] DEBUG com.soft2242.one.system.dao.SysLoginLogDao.insert - ==>  Preparing: INSERT INTO t_system_operation_log ( login_time, terminal_type, browser_type, os, device_name, device_mac, login_ip, address, deleted, create_time ) VALUES ( ?, ?, ?, ?, ?, ?, ?, ?, ?, ? )
2023-05-24 17:30:11.222 [http-nio-8080-exec-1] DEBUG com.soft2242.one.system.dao.SysLoginLogDao.insert - ==> Parameters: 2023-05-24 17:30:11(String), Windows终端(String), Mozilla/5.0 (Windows NT 10.0; Win64; x64; rv:109.0) Gecko/20100101 Firefox/113.0(String), Windows 11(String), local.id.seewo.com(String), 00-50-56-C0-00-08(String), 127.0.0.1(String), 内网IP(String), 0(Integer), 2023-05-24 17:30:11(String)
2023-05-24 17:30:11.261 [http-nio-8080-exec-1] DEBUG com.soft2242.one.system.dao.SysLoginLogDao.insert - <==    Updates: 1
2023-05-24 17:30:11.316 [http-nio-8080-exec-1] DEBUG c.s.o.s.dao.SysUserInfoDao.recordLastLoginTime - ==>  Preparing: update sys_admin_info set last_login_time = ? where admin_id = ?
2023-05-24 17:30:11.316 [http-nio-8080-exec-1] DEBUG c.s.o.s.dao.SysUserInfoDao.recordLastLoginTime - ==> Parameters: 2023-05-24 17:30:11(String), 10000(Long)
2023-05-24 17:30:11.345 [http-nio-8080-exec-1] DEBUG c.s.o.s.dao.SysUserInfoDao.recordLastLoginTime - <==    Updates: 1
2023-05-24 17:37:04.210 [main] DEBUG com.soft2242.one.ServerApplication - Running with Spring Boot v3.0.5, Spring v6.0.7
2023-05-24 17:37:07.190 [main] DEBUG c.s.o.b.security.filter.AuthenticationTokenFilter - Filter 'authenticationTokenFilter' configured for use
2023-05-24 17:37:12.350 [http-nio-8080-exec-1] DEBUG com.soft2242.one.system.dao.SysUserDao.selectList - ==>  Preparing: SELECT id,username,password,phone,super_admin,account_status,online_status,creator,create_time,updater,update_time,deleted FROM sys_admin WHERE deleted=0 AND (username = ?)
2023-05-24 17:37:12.371 [http-nio-8080-exec-1] DEBUG com.soft2242.one.system.dao.SysUserDao.selectList - ==> Parameters: admin(String)
2023-05-24 17:37:12.406 [http-nio-8080-exec-1] DEBUG com.soft2242.one.system.dao.SysUserDao.selectList - <==      Total: 1
2023-05-24 17:37:12.535 [http-nio-8080-exec-1] DEBUG com.soft2242.one.system.dao.SysLoginLogDao.insert - ==>  Preparing: INSERT INTO t_system_operation_log ( login_time, terminal_type, browser_type, os, device_name, device_mac, login_ip, address, deleted, create_time ) VALUES ( ?, ?, ?, ?, ?, ?, ?, ?, ?, ? )
2023-05-24 17:37:12.537 [http-nio-8080-exec-1] DEBUG com.soft2242.one.system.dao.SysLoginLogDao.insert - ==> Parameters: 2023-05-24 17:37:12(String), Windows终端(String), Mozilla/5.0 (Windows NT 10.0; Win64; x64; rv:109.0) Gecko/20100101 Firefox/113.0(String), Windows 11(String), LAPTOP-LS9CBS64(String), 00-50-56-C0-00-08(String), 127.0.0.1(String), 内网IP(String), 0(Integer), 2023-05-24 17:37:12(String)
2023-05-24 17:37:12.569 [http-nio-8080-exec-1] DEBUG com.soft2242.one.system.dao.SysLoginLogDao.insert - <==    Updates: 1
2023-05-24 17:37:12.621 [http-nio-8080-exec-1] DEBUG c.s.o.s.dao.SysUserInfoDao.recordLastLoginTime - ==>  Preparing: update sys_admin_info set last_login_time = ? where admin_id = ?
2023-05-24 17:37:12.622 [http-nio-8080-exec-1] DEBUG c.s.o.s.dao.SysUserInfoDao.recordLastLoginTime - ==> Parameters: 2023-05-24 17:37:12(String), 10000(Long)
2023-05-24 17:37:12.654 [http-nio-8080-exec-1] DEBUG c.s.o.s.dao.SysUserInfoDao.recordLastLoginTime - <==    Updates: 1
