2023-05-24 14:38:17.315 [background-preinit] INFO  org.hibernate.validator.internal.util.Version - HV000001: Hibernate Validator 8.0.0.Final
2023-05-24 14:38:17.356 [main] INFO  com.soft2242.one.ServerApplication - Starting ServerApplication using Java 17.0.1 with PID 35808 (D:\JavaPrograme\community-admin-api\admin-api-server\target\classes started by 84508 in D:\JavaPrograme\community-admin-api)
2023-05-24 14:38:17.358 [main] INFO  com.soft2242.one.ServerApplication - The following 1 profile is active: "dev"
2023-05-24 14:38:18.122 [main] INFO  o.s.d.r.config.RepositoryConfigurationDelegate - Multiple Spring Data modules found, entering strict repository configuration mode
2023-05-24 14:38:18.124 [main] INFO  o.s.d.r.config.RepositoryConfigurationDelegate - Bootstrapping Spring Data Redis repositories in DEFAULT mode.
2023-05-24 14:38:18.165 [main] INFO  o.s.d.r.config.RepositoryConfigurationDelegate - Finished Spring Data repository scanning in 28 ms. Found 0 Redis repository interfaces.
2023-05-24 14:38:18.891 [main] INFO  o.s.boot.web.embedded.tomcat.TomcatWebServer - Tomcat initialized with port(s): 8080 (http)
2023-05-24 14:38:18.899 [main] INFO  org.apache.coyote.http11.Http11NioProtocol - Initializing ProtocolHandler ["http-nio-8080"]
2023-05-24 14:38:18.900 [main] INFO  org.apache.catalina.core.StandardService - Starting service [Tomcat]
2023-05-24 14:38:18.900 [main] INFO  org.apache.catalina.core.StandardEngine - Starting Servlet engine: [Apache Tomcat/10.1.7]
2023-05-24 14:38:19.036 [main] INFO  o.a.c.core.ContainerBase.[Tomcat].[localhost].[/] - Initializing Spring embedded WebApplicationContext
2023-05-24 14:38:19.036 [main] INFO  o.s.b.w.s.c.ServletWebServerApplicationContext - Root WebApplicationContext: initialization completed in 1646 ms
2023-05-24 14:38:21.262 [main] INFO  o.s.security.web.DefaultSecurityFilterChain - Will secure any request with [org.springframework.security.web.session.DisableEncodeUrlFilter@1002d1c8, org.springframework.security.web.context.request.async.WebAsyncManagerIntegrationFilter@38a27ace, org.springframework.security.web.context.SecurityContextHolderFilter@7ea039b4, org.springframework.security.web.header.HeaderWriterFilter@284f25e6, org.springframework.security.web.authentication.logout.LogoutFilter@55c20a91, com.soft2242.one.base.security.filter.AuthenticationTokenFilter@4fd37449, org.springframework.security.web.savedrequest.RequestCacheAwareFilter@1610c03c, org.springframework.security.web.servletapi.SecurityContextHolderAwareRequestFilter@332fa1c, org.springframework.security.web.authentication.AnonymousAuthenticationFilter@41289e88, org.springframework.security.web.session.SessionManagementFilter@77226121, org.springframework.security.web.access.ExceptionTranslationFilter@40b8158d, org.springframework.security.web.access.intercept.AuthorizationFilter@71f10042]
2023-05-24 14:38:21.683 [main] INFO  com.fhs.common.spring.SpringContextUtil - ------SpringContextUtil setApplicationContext-------
2023-05-24 14:38:21.952 [main] INFO  org.apache.coyote.http11.Http11NioProtocol - Starting ProtocolHandler ["http-nio-8080"]
2023-05-24 14:38:21.971 [main] INFO  o.s.boot.web.embedded.tomcat.TomcatWebServer - Tomcat started on port(s): 8080 (http) with context path ''
2023-05-24 14:38:21.980 [main] INFO  com.soft2242.one.ServerApplication - Started ServerApplication in 5.12 seconds (process running for 6.127)
2023-05-24 14:38:34.301 [http-nio-8080-exec-1] INFO  o.a.c.core.ContainerBase.[Tomcat].[localhost].[/] - Initializing Spring DispatcherServlet 'dispatcherServlet'
2023-05-24 14:38:34.301 [http-nio-8080-exec-1] INFO  org.springframework.web.servlet.DispatcherServlet - Initializing Servlet 'dispatcherServlet'
2023-05-24 14:38:34.303 [http-nio-8080-exec-1] INFO  org.springframework.web.servlet.DispatcherServlet - Completed initialization in 1 ms
2023-05-24 14:38:35.304 [http-nio-8080-exec-24] INFO  org.springdoc.api.AbstractOpenApiResource - Init duration for springdoc-openapi is: 354 ms
2023-05-24 14:38:56.840 [http-nio-8080-exec-23] INFO  com.zaxxer.hikari.HikariDataSource - MyHikariCP - Starting...
2023-05-24 14:38:57.264 [http-nio-8080-exec-23] INFO  com.zaxxer.hikari.pool.HikariPool - MyHikariCP - Added connection com.mysql.cj.jdbc.ConnectionImpl@18b08e46
2023-05-24 14:38:57.265 [http-nio-8080-exec-23] INFO  com.zaxxer.hikari.HikariDataSource - MyHikariCP - Start completed.
2023-05-24 15:51:10.677 [SpringApplicationShutdownHook] INFO  com.zaxxer.hikari.HikariDataSource - MyHikariCP - Shutdown initiated...
2023-05-24 15:51:10.716 [SpringApplicationShutdownHook] INFO  com.zaxxer.hikari.HikariDataSource - MyHikariCP - Shutdown completed.
2023-05-24 15:52:46.311 [background-preinit] INFO  org.hibernate.validator.internal.util.Version - HV000001: Hibernate Validator 8.0.0.Final
2023-05-24 15:52:46.349 [main] INFO  com.soft2242.one.ServerApplication - Starting ServerApplication using Java 17.0.1 with PID 34176 (D:\JavaPrograme\community-admin-api\admin-api-server\target\classes started by 84508 in D:\JavaPrograme\community-admin-api)
2023-05-24 15:52:46.350 [main] INFO  com.soft2242.one.ServerApplication - The following 1 profile is active: "dev"
2023-05-24 15:52:47.096 [main] INFO  o.s.d.r.config.RepositoryConfigurationDelegate - Multiple Spring Data modules found, entering strict repository configuration mode
2023-05-24 15:52:47.099 [main] INFO  o.s.d.r.config.RepositoryConfigurationDelegate - Bootstrapping Spring Data Redis repositories in DEFAULT mode.
2023-05-24 15:52:47.141 [main] INFO  o.s.d.r.config.RepositoryConfigurationDelegate - Finished Spring Data repository scanning in 30 ms. Found 0 Redis repository interfaces.
2023-05-24 15:52:47.836 [main] INFO  o.s.boot.web.embedded.tomcat.TomcatWebServer - Tomcat initialized with port(s): 8080 (http)
2023-05-24 15:52:47.845 [main] INFO  org.apache.coyote.http11.Http11NioProtocol - Initializing ProtocolHandler ["http-nio-8080"]
2023-05-24 15:52:47.846 [main] INFO  org.apache.catalina.core.StandardService - Starting service [Tomcat]
2023-05-24 15:52:47.846 [main] INFO  org.apache.catalina.core.StandardEngine - Starting Servlet engine: [Apache Tomcat/10.1.7]
2023-05-24 15:52:47.971 [main] INFO  o.a.c.core.ContainerBase.[Tomcat].[localhost].[/] - Initializing Spring embedded WebApplicationContext
2023-05-24 15:52:47.971 [main] INFO  o.s.b.w.s.c.ServletWebServerApplicationContext - Root WebApplicationContext: initialization completed in 1592 ms
2023-05-24 15:52:50.328 [main] INFO  o.s.security.web.DefaultSecurityFilterChain - Will secure any request with [org.springframework.security.web.session.DisableEncodeUrlFilter@1e14b269, org.springframework.security.web.context.request.async.WebAsyncManagerIntegrationFilter@68543a35, org.springframework.security.web.context.SecurityContextHolderFilter@331ad6eb, org.springframework.security.web.header.HeaderWriterFilter@1260c85e, org.springframework.security.web.authentication.logout.LogoutFilter@5c7e55a4, com.soft2242.one.base.security.filter.AuthenticationTokenFilter@e91facf, org.springframework.security.web.savedrequest.RequestCacheAwareFilter@5ac7550a, org.springframework.security.web.servletapi.SecurityContextHolderAwareRequestFilter@44dcc0e4, org.springframework.security.web.authentication.AnonymousAuthenticationFilter@1cca2e9d, org.springframework.security.web.session.SessionManagementFilter@6c8672b9, org.springframework.security.web.access.ExceptionTranslationFilter@6ad26381, org.springframework.security.web.access.intercept.AuthorizationFilter@77307b51]
2023-05-24 15:52:50.728 [main] INFO  com.fhs.common.spring.SpringContextUtil - ------SpringContextUtil setApplicationContext-------
2023-05-24 15:52:51.063 [main] INFO  org.apache.coyote.http11.Http11NioProtocol - Starting ProtocolHandler ["http-nio-8080"]
2023-05-24 15:52:51.087 [main] INFO  o.s.boot.web.embedded.tomcat.TomcatWebServer - Tomcat started on port(s): 8080 (http) with context path ''
2023-05-24 15:52:51.097 [main] INFO  com.soft2242.one.ServerApplication - Started ServerApplication in 5.215 seconds (process running for 6.164)
2023-05-24 15:52:57.198 [http-nio-8080-exec-1] INFO  o.a.c.core.ContainerBase.[Tomcat].[localhost].[/] - Initializing Spring DispatcherServlet 'dispatcherServlet'
2023-05-24 15:52:57.199 [http-nio-8080-exec-1] INFO  org.springframework.web.servlet.DispatcherServlet - Initializing Servlet 'dispatcherServlet'
2023-05-24 15:52:57.200 [http-nio-8080-exec-1] INFO  org.springframework.web.servlet.DispatcherServlet - Completed initialization in 1 ms
2023-05-24 15:52:58.136 [http-nio-8080-exec-24] INFO  org.springdoc.api.AbstractOpenApiResource - Init duration for springdoc-openapi is: 471 ms
2023-05-24 15:53:11.009 [http-nio-8080-exec-17] INFO  com.zaxxer.hikari.HikariDataSource - MyHikariCP - Starting...
2023-05-24 15:53:11.382 [http-nio-8080-exec-17] INFO  com.zaxxer.hikari.pool.HikariPool - MyHikariCP - Added connection com.mysql.cj.jdbc.ConnectionImpl@1c5abfdc
2023-05-24 15:53:11.383 [http-nio-8080-exec-17] INFO  com.zaxxer.hikari.HikariDataSource - MyHikariCP - Start completed.
2023-05-24 15:54:36.129 [SpringApplicationShutdownHook] INFO  com.zaxxer.hikari.HikariDataSource - MyHikariCP - Shutdown initiated...
2023-05-24 15:54:36.165 [SpringApplicationShutdownHook] INFO  com.zaxxer.hikari.HikariDataSource - MyHikariCP - Shutdown completed.
2023-05-24 15:54:38.778 [background-preinit] INFO  org.hibernate.validator.internal.util.Version - HV000001: Hibernate Validator 8.0.0.Final
2023-05-24 15:54:38.819 [main] INFO  com.soft2242.one.ServerApplication - Starting ServerApplication using Java 17.0.1 with PID 35712 (D:\JavaPrograme\community-admin-api\admin-api-server\target\classes started by 84508 in D:\JavaPrograme\community-admin-api)
2023-05-24 15:54:38.821 [main] INFO  com.soft2242.one.ServerApplication - The following 1 profile is active: "dev"
2023-05-24 15:54:39.571 [main] INFO  o.s.d.r.config.RepositoryConfigurationDelegate - Multiple Spring Data modules found, entering strict repository configuration mode
2023-05-24 15:54:39.573 [main] INFO  o.s.d.r.config.RepositoryConfigurationDelegate - Bootstrapping Spring Data Redis repositories in DEFAULT mode.
2023-05-24 15:54:39.620 [main] INFO  o.s.d.r.config.RepositoryConfigurationDelegate - Finished Spring Data repository scanning in 35 ms. Found 0 Redis repository interfaces.
2023-05-24 15:54:40.453 [main] INFO  o.s.boot.web.embedded.tomcat.TomcatWebServer - Tomcat initialized with port(s): 8080 (http)
2023-05-24 15:54:40.461 [main] INFO  org.apache.coyote.http11.Http11NioProtocol - Initializing ProtocolHandler ["http-nio-8080"]
2023-05-24 15:54:40.462 [main] INFO  org.apache.catalina.core.StandardService - Starting service [Tomcat]
2023-05-24 15:54:40.462 [main] INFO  org.apache.catalina.core.StandardEngine - Starting Servlet engine: [Apache Tomcat/10.1.7]
2023-05-24 15:54:40.585 [main] INFO  o.a.c.core.ContainerBase.[Tomcat].[localhost].[/] - Initializing Spring embedded WebApplicationContext
2023-05-24 15:54:40.585 [main] INFO  o.s.b.w.s.c.ServletWebServerApplicationContext - Root WebApplicationContext: initialization completed in 1731 ms
2023-05-24 15:54:43.097 [main] INFO  o.s.security.web.DefaultSecurityFilterChain - Will secure any request with [org.springframework.security.web.session.DisableEncodeUrlFilter@7e514482, org.springframework.security.web.context.request.async.WebAsyncManagerIntegrationFilter@1e5e3147, org.springframework.security.web.context.SecurityContextHolderFilter@7acfcfc4, org.springframework.security.web.header.HeaderWriterFilter@656302c, org.springframework.security.web.authentication.logout.LogoutFilter@2dbcee03, com.soft2242.one.base.security.filter.AuthenticationTokenFilter@edbc2bf, org.springframework.security.web.savedrequest.RequestCacheAwareFilter@709d2a6c, org.springframework.security.web.servletapi.SecurityContextHolderAwareRequestFilter@3b50f432, org.springframework.security.web.authentication.AnonymousAuthenticationFilter@3c271988, org.springframework.security.web.session.SessionManagementFilter@38347345, org.springframework.security.web.access.ExceptionTranslationFilter@1b6e4761, org.springframework.security.web.access.intercept.AuthorizationFilter@44dcc0e4]
2023-05-24 15:54:43.477 [main] INFO  com.fhs.common.spring.SpringContextUtil - ------SpringContextUtil setApplicationContext-------
2023-05-24 15:54:43.773 [main] INFO  org.apache.coyote.http11.Http11NioProtocol - Starting ProtocolHandler ["http-nio-8080"]
2023-05-24 15:54:43.793 [main] INFO  o.s.boot.web.embedded.tomcat.TomcatWebServer - Tomcat started on port(s): 8080 (http) with context path ''
2023-05-24 15:54:43.802 [main] INFO  com.soft2242.one.ServerApplication - Started ServerApplication in 5.455 seconds (process running for 6.311)
2023-05-24 15:54:51.974 [http-nio-8080-exec-1] INFO  o.a.c.core.ContainerBase.[Tomcat].[localhost].[/] - Initializing Spring DispatcherServlet 'dispatcherServlet'
2023-05-24 15:54:51.975 [http-nio-8080-exec-1] INFO  org.springframework.web.servlet.DispatcherServlet - Initializing Servlet 'dispatcherServlet'
2023-05-24 15:54:51.976 [http-nio-8080-exec-1] INFO  org.springframework.web.servlet.DispatcherServlet - Completed initialization in 1 ms
2023-05-24 15:54:52.845 [http-nio-8080-exec-24] INFO  org.springdoc.api.AbstractOpenApiResource - Init duration for springdoc-openapi is: 452 ms
2023-05-24 15:55:09.177 [http-nio-8080-exec-9] INFO  com.zaxxer.hikari.HikariDataSource - MyHikariCP - Starting...
2023-05-24 15:55:09.549 [http-nio-8080-exec-9] INFO  com.zaxxer.hikari.pool.HikariPool - MyHikariCP - Added connection com.mysql.cj.jdbc.ConnectionImpl@2d332a39
2023-05-24 15:55:09.551 [http-nio-8080-exec-9] INFO  com.zaxxer.hikari.HikariDataSource - MyHikariCP - Start completed.
2023-05-24 15:56:45.351 [SpringApplicationShutdownHook] INFO  com.zaxxer.hikari.HikariDataSource - MyHikariCP - Shutdown initiated...
2023-05-24 15:56:45.384 [SpringApplicationShutdownHook] INFO  com.zaxxer.hikari.HikariDataSource - MyHikariCP - Shutdown completed.
2023-05-24 15:56:49.983 [background-preinit] INFO  org.hibernate.validator.internal.util.Version - HV000001: Hibernate Validator 8.0.0.Final
2023-05-24 15:56:50.021 [main] INFO  com.soft2242.one.ServerApplication - Starting ServerApplication using Java 17.0.1 with PID 12724 (D:\JavaPrograme\community-admin-api\admin-api-server\target\classes started by 84508 in D:\JavaPrograme\community-admin-api)
2023-05-24 15:56:50.022 [main] INFO  com.soft2242.one.ServerApplication - The following 1 profile is active: "dev"
2023-05-24 15:56:50.769 [main] INFO  o.s.d.r.config.RepositoryConfigurationDelegate - Multiple Spring Data modules found, entering strict repository configuration mode
2023-05-24 15:56:50.771 [main] INFO  o.s.d.r.config.RepositoryConfigurationDelegate - Bootstrapping Spring Data Redis repositories in DEFAULT mode.
2023-05-24 15:56:50.815 [main] INFO  o.s.d.r.config.RepositoryConfigurationDelegate - Finished Spring Data repository scanning in 33 ms. Found 0 Redis repository interfaces.
2023-05-24 15:56:51.553 [main] INFO  o.s.boot.web.embedded.tomcat.TomcatWebServer - Tomcat initialized with port(s): 8080 (http)
2023-05-24 15:56:51.561 [main] INFO  org.apache.coyote.http11.Http11NioProtocol - Initializing ProtocolHandler ["http-nio-8080"]
2023-05-24 15:56:51.562 [main] INFO  org.apache.catalina.core.StandardService - Starting service [Tomcat]
2023-05-24 15:56:51.562 [main] INFO  org.apache.catalina.core.StandardEngine - Starting Servlet engine: [Apache Tomcat/10.1.7]
2023-05-24 15:56:51.693 [main] INFO  o.a.c.core.ContainerBase.[Tomcat].[localhost].[/] - Initializing Spring embedded WebApplicationContext
2023-05-24 15:56:51.693 [main] INFO  o.s.b.w.s.c.ServletWebServerApplicationContext - Root WebApplicationContext: initialization completed in 1641 ms
2023-05-24 15:56:54.184 [main] INFO  o.s.security.web.DefaultSecurityFilterChain - Will secure any request with [org.springframework.security.web.session.DisableEncodeUrlFilter@1e14b269, org.springframework.security.web.context.request.async.WebAsyncManagerIntegrationFilter@68543a35, org.springframework.security.web.context.SecurityContextHolderFilter@331ad6eb, org.springframework.security.web.header.HeaderWriterFilter@1260c85e, org.springframework.security.web.authentication.logout.LogoutFilter@5c7e55a4, com.soft2242.one.base.security.filter.AuthenticationTokenFilter@e91facf, org.springframework.security.web.savedrequest.RequestCacheAwareFilter@5ac7550a, org.springframework.security.web.servletapi.SecurityContextHolderAwareRequestFilter@44dcc0e4, org.springframework.security.web.authentication.AnonymousAuthenticationFilter@1cca2e9d, org.springframework.security.web.session.SessionManagementFilter@6c8672b9, org.springframework.security.web.access.ExceptionTranslationFilter@6ad26381, org.springframework.security.web.access.intercept.AuthorizationFilter@77307b51]
2023-05-24 15:56:54.600 [main] INFO  com.fhs.common.spring.SpringContextUtil - ------SpringContextUtil setApplicationContext-------
2023-05-24 15:56:54.908 [main] INFO  org.apache.coyote.http11.Http11NioProtocol - Starting ProtocolHandler ["http-nio-8080"]
2023-05-24 15:56:54.930 [main] INFO  o.s.boot.web.embedded.tomcat.TomcatWebServer - Tomcat started on port(s): 8080 (http) with context path ''
2023-05-24 15:56:54.939 [main] INFO  com.soft2242.one.ServerApplication - Started ServerApplication in 5.4 seconds (process running for 6.262)
2023-05-24 15:56:55.504 [http-nio-8080-exec-1] INFO  o.a.c.core.ContainerBase.[Tomcat].[localhost].[/] - Initializing Spring DispatcherServlet 'dispatcherServlet'
2023-05-24 15:56:55.505 [http-nio-8080-exec-1] INFO  org.springframework.web.servlet.DispatcherServlet - Initializing Servlet 'dispatcherServlet'
2023-05-24 15:56:55.506 [http-nio-8080-exec-1] INFO  org.springframework.web.servlet.DispatcherServlet - Completed initialization in 1 ms
2023-05-24 15:56:56.408 [http-nio-8080-exec-24] INFO  org.springdoc.api.AbstractOpenApiResource - Init duration for springdoc-openapi is: 440 ms
2023-05-24 15:57:01.130 [http-nio-8080-exec-11] INFO  com.zaxxer.hikari.HikariDataSource - MyHikariCP - Starting...
2023-05-24 15:57:01.578 [http-nio-8080-exec-11] INFO  com.zaxxer.hikari.pool.HikariPool - MyHikariCP - Added connection com.mysql.cj.jdbc.ConnectionImpl@6b85604c
2023-05-24 15:57:01.579 [http-nio-8080-exec-11] INFO  com.zaxxer.hikari.HikariDataSource - MyHikariCP - Start completed.
2023-05-24 16:18:06.723 [SpringApplicationShutdownHook] INFO  com.zaxxer.hikari.HikariDataSource - MyHikariCP - Shutdown initiated...
2023-05-24 16:18:15.747 [background-preinit] INFO  org.hibernate.validator.internal.util.Version - HV000001: Hibernate Validator 8.0.0.Final
2023-05-24 16:18:15.785 [main] INFO  com.soft2242.one.ServerApplication - Starting ServerApplication using Java 17.0.1 with PID 36884 (D:\JavaPrograme\community-admin-api\admin-api-server\target\classes started by 84508 in D:\JavaPrograme\community-admin-api)
2023-05-24 16:18:15.786 [main] INFO  com.soft2242.one.ServerApplication - The following 1 profile is active: "dev"
2023-05-24 16:18:16.510 [main] INFO  o.s.d.r.config.RepositoryConfigurationDelegate - Multiple Spring Data modules found, entering strict repository configuration mode
2023-05-24 16:18:16.512 [main] INFO  o.s.d.r.config.RepositoryConfigurationDelegate - Bootstrapping Spring Data Redis repositories in DEFAULT mode.
2023-05-24 16:18:16.554 [main] INFO  o.s.d.r.config.RepositoryConfigurationDelegate - Finished Spring Data repository scanning in 31 ms. Found 0 Redis repository interfaces.
2023-05-24 16:18:17.242 [main] INFO  o.s.boot.web.embedded.tomcat.TomcatWebServer - Tomcat initialized with port(s): 8080 (http)
2023-05-24 16:18:17.250 [main] INFO  org.apache.coyote.http11.Http11NioProtocol - Initializing ProtocolHandler ["http-nio-8080"]
2023-05-24 16:18:17.250 [main] INFO  org.apache.catalina.core.StandardService - Starting service [Tomcat]
2023-05-24 16:18:17.250 [main] INFO  org.apache.catalina.core.StandardEngine - Starting Servlet engine: [Apache Tomcat/10.1.7]
2023-05-24 16:18:17.379 [main] INFO  o.a.c.core.ContainerBase.[Tomcat].[localhost].[/] - Initializing Spring embedded WebApplicationContext
2023-05-24 16:18:17.380 [main] INFO  o.s.b.w.s.c.ServletWebServerApplicationContext - Root WebApplicationContext: initialization completed in 1565 ms
2023-05-24 16:18:19.738 [main] INFO  o.s.security.web.DefaultSecurityFilterChain - Will secure any request with [org.springframework.security.web.session.DisableEncodeUrlFilter@48d464cf, org.springframework.security.web.context.request.async.WebAsyncManagerIntegrationFilter@1e14b269, org.springframework.security.web.context.SecurityContextHolderFilter@799cf32d, org.springframework.security.web.header.HeaderWriterFilter@f5167f0, org.springframework.security.web.authentication.logout.LogoutFilter@da67c46, com.soft2242.one.base.security.filter.AuthenticationTokenFilter@62ab5e63, org.springframework.security.web.savedrequest.RequestCacheAwareFilter@6cd6698b, org.springframework.security.web.servletapi.SecurityContextHolderAwareRequestFilter@5ac7550a, org.springframework.security.web.authentication.AnonymousAuthenticationFilter@68543a35, org.springframework.security.web.session.SessionManagementFilter@2dbcee03, org.springframework.security.web.access.ExceptionTranslationFilter@48bab2c6, org.springframework.security.web.access.intercept.AuthorizationFilter@b1fa523]
2023-05-24 16:18:20.114 [main] INFO  com.fhs.common.spring.SpringContextUtil - ------SpringContextUtil setApplicationContext-------
2023-05-24 16:18:20.392 [main] INFO  org.apache.coyote.http11.Http11NioProtocol - Starting ProtocolHandler ["http-nio-8080"]
2023-05-24 16:18:20.412 [main] INFO  o.s.boot.web.embedded.tomcat.TomcatWebServer - Tomcat started on port(s): 8080 (http) with context path ''
2023-05-24 16:18:20.421 [main] INFO  com.soft2242.one.ServerApplication - Started ServerApplication in 5.098 seconds (process running for 5.926)
2023-05-24 16:18:28.120 [http-nio-8080-exec-1] INFO  o.a.c.core.ContainerBase.[Tomcat].[localhost].[/] - Initializing Spring DispatcherServlet 'dispatcherServlet'
2023-05-24 16:18:28.120 [http-nio-8080-exec-1] INFO  org.springframework.web.servlet.DispatcherServlet - Initializing Servlet 'dispatcherServlet'
2023-05-24 16:18:28.121 [http-nio-8080-exec-1] INFO  org.springframework.web.servlet.DispatcherServlet - Completed initialization in 1 ms
2023-05-24 16:18:29.042 [http-nio-8080-exec-24] INFO  org.springdoc.api.AbstractOpenApiResource - Init duration for springdoc-openapi is: 446 ms
2023-05-24 16:18:37.141 [http-nio-8080-exec-17] INFO  com.zaxxer.hikari.HikariDataSource - MyHikariCP - Starting...
2023-05-24 16:18:37.479 [http-nio-8080-exec-17] INFO  com.zaxxer.hikari.pool.HikariPool - MyHikariCP - Added connection com.mysql.cj.jdbc.ConnectionImpl@1c5abfdc
2023-05-24 16:18:37.481 [http-nio-8080-exec-17] INFO  com.zaxxer.hikari.HikariDataSource - MyHikariCP - Start completed.
2023-05-24 16:21:39.440 [SpringApplicationShutdownHook] INFO  com.zaxxer.hikari.HikariDataSource - MyHikariCP - Shutdown initiated...
2023-05-24 16:21:39.474 [SpringApplicationShutdownHook] INFO  com.zaxxer.hikari.HikariDataSource - MyHikariCP - Shutdown completed.
2023-05-24 16:21:44.338 [background-preinit] INFO  org.hibernate.validator.internal.util.Version - HV000001: Hibernate Validator 8.0.0.Final
2023-05-24 16:21:44.374 [main] INFO  com.soft2242.one.ServerApplication - Starting ServerApplication using Java 17.0.1 with PID 27940 (D:\JavaPrograme\community-admin-api\admin-api-server\target\classes started by 84508 in D:\JavaPrograme\community-admin-api)
2023-05-24 16:21:44.375 [main] INFO  com.soft2242.one.ServerApplication - The following 1 profile is active: "dev"
2023-05-24 16:21:45.105 [main] INFO  o.s.d.r.config.RepositoryConfigurationDelegate - Multiple Spring Data modules found, entering strict repository configuration mode
2023-05-24 16:21:45.108 [main] INFO  o.s.d.r.config.RepositoryConfigurationDelegate - Bootstrapping Spring Data Redis repositories in DEFAULT mode.
2023-05-24 16:21:45.150 [main] INFO  o.s.d.r.config.RepositoryConfigurationDelegate - Finished Spring Data repository scanning in 30 ms. Found 0 Redis repository interfaces.
2023-05-24 16:21:45.844 [main] INFO  o.s.boot.web.embedded.tomcat.TomcatWebServer - Tomcat initialized with port(s): 8080 (http)
2023-05-24 16:21:45.853 [main] INFO  org.apache.coyote.http11.Http11NioProtocol - Initializing ProtocolHandler ["http-nio-8080"]
2023-05-24 16:21:45.853 [main] INFO  org.apache.catalina.core.StandardService - Starting service [Tomcat]
2023-05-24 16:21:45.854 [main] INFO  org.apache.catalina.core.StandardEngine - Starting Servlet engine: [Apache Tomcat/10.1.7]
2023-05-24 16:21:45.981 [main] INFO  o.a.c.core.ContainerBase.[Tomcat].[localhost].[/] - Initializing Spring embedded WebApplicationContext
2023-05-24 16:21:45.981 [main] INFO  o.s.b.w.s.c.ServletWebServerApplicationContext - Root WebApplicationContext: initialization completed in 1578 ms
2023-05-24 16:21:48.304 [main] INFO  o.s.security.web.DefaultSecurityFilterChain - Will secure any request with [org.springframework.security.web.session.DisableEncodeUrlFilter@6cd6698b, org.springframework.security.web.context.request.async.WebAsyncManagerIntegrationFilter@5ac7550a, org.springframework.security.web.context.SecurityContextHolderFilter@5bcfdaf3, org.springframework.security.web.header.HeaderWriterFilter@14624acc, org.springframework.security.web.authentication.logout.LogoutFilter@351be56b, com.soft2242.one.base.security.filter.AuthenticationTokenFilter@edbc2bf, org.springframework.security.web.savedrequest.RequestCacheAwareFilter@4b9b5da5, org.springframework.security.web.servletapi.SecurityContextHolderAwareRequestFilter@5ff29e8b, org.springframework.security.web.authentication.AnonymousAuthenticationFilter@44dcc0e4, org.springframework.security.web.session.SessionManagementFilter@1f0f92f5, org.springframework.security.web.access.ExceptionTranslationFilter@1c22642d, org.springframework.security.web.access.intercept.AuthorizationFilter@799cf32d]
2023-05-24 16:21:48.700 [main] INFO  com.fhs.common.spring.SpringContextUtil - ------SpringContextUtil setApplicationContext-------
2023-05-24 16:21:48.977 [main] INFO  org.apache.coyote.http11.Http11NioProtocol - Starting ProtocolHandler ["http-nio-8080"]
2023-05-24 16:21:48.998 [main] INFO  o.s.boot.web.embedded.tomcat.TomcatWebServer - Tomcat started on port(s): 8080 (http) with context path ''
2023-05-24 16:21:49.007 [main] INFO  com.soft2242.one.ServerApplication - Started ServerApplication in 5.106 seconds (process running for 5.962)
2023-05-24 16:21:59.472 [http-nio-8080-exec-1] INFO  o.a.c.core.ContainerBase.[Tomcat].[localhost].[/] - Initializing Spring DispatcherServlet 'dispatcherServlet'
2023-05-24 16:21:59.473 [http-nio-8080-exec-1] INFO  org.springframework.web.servlet.DispatcherServlet - Initializing Servlet 'dispatcherServlet'
2023-05-24 16:21:59.475 [http-nio-8080-exec-1] INFO  org.springframework.web.servlet.DispatcherServlet - Completed initialization in 1 ms
2023-05-24 16:22:03.248 [http-nio-8080-exec-3] INFO  com.zaxxer.hikari.HikariDataSource - MyHikariCP - Starting...
2023-05-24 16:22:03.655 [http-nio-8080-exec-3] INFO  com.zaxxer.hikari.pool.HikariPool - MyHikariCP - Added connection com.mysql.cj.jdbc.ConnectionImpl@5eee5682
2023-05-24 16:22:03.656 [http-nio-8080-exec-3] INFO  com.zaxxer.hikari.HikariDataSource - MyHikariCP - Start completed.
2023-05-24 16:27:33.999 [SpringApplicationShutdownHook] INFO  com.zaxxer.hikari.HikariDataSource - MyHikariCP - Shutdown initiated...
2023-05-24 16:27:34.035 [SpringApplicationShutdownHook] INFO  com.zaxxer.hikari.HikariDataSource - MyHikariCP - Shutdown completed.
2023-05-24 16:27:38.507 [background-preinit] INFO  org.hibernate.validator.internal.util.Version - HV000001: Hibernate Validator 8.0.0.Final
2023-05-24 16:27:38.540 [main] INFO  com.soft2242.one.ServerApplication - Starting ServerApplication using Java 17.0.1 with PID 40784 (D:\JavaPrograme\community-admin-api\admin-api-server\target\classes started by 84508 in D:\JavaPrograme\community-admin-api)
2023-05-24 16:27:38.541 [main] INFO  com.soft2242.one.ServerApplication - The following 1 profile is active: "dev"
2023-05-24 16:27:39.278 [main] INFO  o.s.d.r.config.RepositoryConfigurationDelegate - Multiple Spring Data modules found, entering strict repository configuration mode
2023-05-24 16:27:39.280 [main] INFO  o.s.d.r.config.RepositoryConfigurationDelegate - Bootstrapping Spring Data Redis repositories in DEFAULT mode.
2023-05-24 16:27:39.324 [main] INFO  o.s.d.r.config.RepositoryConfigurationDelegate - Finished Spring Data repository scanning in 32 ms. Found 0 Redis repository interfaces.
2023-05-24 16:27:40.008 [main] INFO  o.s.boot.web.embedded.tomcat.TomcatWebServer - Tomcat initialized with port(s): 8080 (http)
2023-05-24 16:27:40.015 [main] INFO  org.apache.coyote.http11.Http11NioProtocol - Initializing ProtocolHandler ["http-nio-8080"]
2023-05-24 16:27:40.016 [main] INFO  org.apache.catalina.core.StandardService - Starting service [Tomcat]
2023-05-24 16:27:40.016 [main] INFO  org.apache.catalina.core.StandardEngine - Starting Servlet engine: [Apache Tomcat/10.1.7]
2023-05-24 16:27:40.136 [main] INFO  o.a.c.core.ContainerBase.[Tomcat].[localhost].[/] - Initializing Spring embedded WebApplicationContext
2023-05-24 16:27:40.137 [main] INFO  o.s.b.w.s.c.ServletWebServerApplicationContext - Root WebApplicationContext: initialization completed in 1565 ms
2023-05-24 16:27:42.642 [main] INFO  o.s.security.web.DefaultSecurityFilterChain - Will secure any request with [org.springframework.security.web.session.DisableEncodeUrlFilter@6d0a4a22, org.springframework.security.web.context.request.async.WebAsyncManagerIntegrationFilter@1999e1f5, org.springframework.security.web.context.SecurityContextHolderFilter@47666b39, org.springframework.security.web.header.HeaderWriterFilter@1abbc1d4, org.springframework.security.web.authentication.logout.LogoutFilter@6c4786af, com.soft2242.one.base.security.filter.AuthenticationTokenFilter@edbc2bf, org.springframework.security.web.savedrequest.RequestCacheAwareFilter@6c8672b9, org.springframework.security.web.servletapi.SecurityContextHolderAwareRequestFilter@dd77e0d, org.springframework.security.web.authentication.AnonymousAuthenticationFilter@b1fa523, org.springframework.security.web.session.SessionManagementFilter@351be56b, org.springframework.security.web.access.ExceptionTranslationFilter@364c93e6, org.springframework.security.web.access.intercept.AuthorizationFilter@7d0df326]
2023-05-24 16:27:43.053 [main] INFO  com.fhs.common.spring.SpringContextUtil - ------SpringContextUtil setApplicationContext-------
2023-05-24 16:27:43.363 [main] INFO  org.apache.coyote.http11.Http11NioProtocol - Starting ProtocolHandler ["http-nio-8080"]
2023-05-24 16:27:43.383 [main] INFO  o.s.boot.web.embedded.tomcat.TomcatWebServer - Tomcat started on port(s): 8080 (http) with context path ''
2023-05-24 16:27:43.392 [main] INFO  com.soft2242.one.ServerApplication - Started ServerApplication in 5.328 seconds (process running for 6.154)
2023-05-24 16:27:55.019 [http-nio-8080-exec-1] INFO  o.a.c.core.ContainerBase.[Tomcat].[localhost].[/] - Initializing Spring DispatcherServlet 'dispatcherServlet'
2023-05-24 16:27:55.019 [http-nio-8080-exec-1] INFO  org.springframework.web.servlet.DispatcherServlet - Initializing Servlet 'dispatcherServlet'
2023-05-24 16:27:55.020 [http-nio-8080-exec-1] INFO  org.springframework.web.servlet.DispatcherServlet - Completed initialization in 1 ms
2023-05-24 16:27:55.940 [http-nio-8080-exec-24] INFO  org.springdoc.api.AbstractOpenApiResource - Init duration for springdoc-openapi is: 460 ms
2023-05-24 16:28:05.979 [http-nio-8080-exec-17] INFO  com.zaxxer.hikari.HikariDataSource - MyHikariCP - Starting...
2023-05-24 16:28:06.308 [http-nio-8080-exec-17] INFO  com.zaxxer.hikari.pool.HikariPool - MyHikariCP - Added connection com.mysql.cj.jdbc.ConnectionImpl@5dbf75e8
2023-05-24 16:28:06.311 [http-nio-8080-exec-17] INFO  com.zaxxer.hikari.HikariDataSource - MyHikariCP - Start completed.
2023-05-24 16:44:21.778 [SpringApplicationShutdownHook] INFO  com.zaxxer.hikari.HikariDataSource - MyHikariCP - Shutdown initiated...
2023-05-24 16:44:21.860 [SpringApplicationShutdownHook] INFO  com.zaxxer.hikari.HikariDataSource - MyHikariCP - Shutdown completed.
2023-05-24 16:44:26.687 [background-preinit] INFO  org.hibernate.validator.internal.util.Version - HV000001: Hibernate Validator 8.0.0.Final
2023-05-24 16:44:26.729 [main] INFO  com.soft2242.one.ServerApplication - Starting ServerApplication using Java 17.0.1 with PID 40952 (D:\JavaPrograme\community-admin-api\admin-api-server\target\classes started by 84508 in D:\JavaPrograme\community-admin-api)
2023-05-24 16:44:26.730 [main] INFO  com.soft2242.one.ServerApplication - The following 1 profile is active: "dev"
2023-05-24 16:44:27.504 [main] INFO  o.s.d.r.config.RepositoryConfigurationDelegate - Multiple Spring Data modules found, entering strict repository configuration mode
2023-05-24 16:44:27.506 [main] INFO  o.s.d.r.config.RepositoryConfigurationDelegate - Bootstrapping Spring Data Redis repositories in DEFAULT mode.
2023-05-24 16:44:27.549 [main] INFO  o.s.d.r.config.RepositoryConfigurationDelegate - Finished Spring Data repository scanning in 30 ms. Found 0 Redis repository interfaces.
2023-05-24 16:44:28.248 [main] INFO  o.s.boot.web.embedded.tomcat.TomcatWebServer - Tomcat initialized with port(s): 8080 (http)
2023-05-24 16:44:28.257 [main] INFO  org.apache.coyote.http11.Http11NioProtocol - Initializing ProtocolHandler ["http-nio-8080"]
2023-05-24 16:44:28.257 [main] INFO  org.apache.catalina.core.StandardService - Starting service [Tomcat]
2023-05-24 16:44:28.257 [main] INFO  org.apache.catalina.core.StandardEngine - Starting Servlet engine: [Apache Tomcat/10.1.7]
2023-05-24 16:44:28.379 [main] INFO  o.a.c.core.ContainerBase.[Tomcat].[localhost].[/] - Initializing Spring embedded WebApplicationContext
2023-05-24 16:44:28.380 [main] INFO  o.s.b.w.s.c.ServletWebServerApplicationContext - Root WebApplicationContext: initialization completed in 1617 ms
2023-05-24 16:44:30.805 [main] INFO  o.s.security.web.DefaultSecurityFilterChain - Will secure any request with [org.springframework.security.web.session.DisableEncodeUrlFilter@6d0a4a22, org.springframework.security.web.context.request.async.WebAsyncManagerIntegrationFilter@1999e1f5, org.springframework.security.web.context.SecurityContextHolderFilter@47666b39, org.springframework.security.web.header.HeaderWriterFilter@1abbc1d4, org.springframework.security.web.authentication.logout.LogoutFilter@6c4786af, com.soft2242.one.base.security.filter.AuthenticationTokenFilter@edbc2bf, org.springframework.security.web.savedrequest.RequestCacheAwareFilter@6c8672b9, org.springframework.security.web.servletapi.SecurityContextHolderAwareRequestFilter@dd77e0d, org.springframework.security.web.authentication.AnonymousAuthenticationFilter@b1fa523, org.springframework.security.web.session.SessionManagementFilter@351be56b, org.springframework.security.web.access.ExceptionTranslationFilter@364c93e6, org.springframework.security.web.access.intercept.AuthorizationFilter@7d0df326]
2023-05-24 16:44:31.219 [main] INFO  com.fhs.common.spring.SpringContextUtil - ------SpringContextUtil setApplicationContext-------
2023-05-24 16:44:31.504 [main] INFO  org.apache.coyote.http11.Http11NioProtocol - Starting ProtocolHandler ["http-nio-8080"]
2023-05-24 16:44:31.525 [main] INFO  o.s.boot.web.embedded.tomcat.TomcatWebServer - Tomcat started on port(s): 8080 (http) with context path ''
2023-05-24 16:44:31.533 [main] INFO  com.soft2242.one.ServerApplication - Started ServerApplication in 5.339 seconds (process running for 6.213)
2023-05-24 16:44:41.870 [http-nio-8080-exec-1] INFO  o.a.c.core.ContainerBase.[Tomcat].[localhost].[/] - Initializing Spring DispatcherServlet 'dispatcherServlet'
2023-05-24 16:44:41.870 [http-nio-8080-exec-1] INFO  org.springframework.web.servlet.DispatcherServlet - Initializing Servlet 'dispatcherServlet'
2023-05-24 16:44:41.871 [http-nio-8080-exec-1] INFO  org.springframework.web.servlet.DispatcherServlet - Completed initialization in 1 ms
2023-05-24 16:45:39.470 [background-preinit] INFO  org.hibernate.validator.internal.util.Version - HV000001: Hibernate Validator 8.0.0.Final
2023-05-24 16:45:39.515 [main] INFO  com.soft2242.one.ServerApplication - Starting ServerApplication using Java 17.0.1 with PID 22048 (D:\JavaPrograme\community-admin-api\admin-api-server\target\classes started by 84508 in D:\JavaPrograme\community-admin-api)
2023-05-24 16:45:39.516 [main] INFO  com.soft2242.one.ServerApplication - The following 1 profile is active: "dev"
2023-05-24 16:45:40.284 [main] INFO  o.s.d.r.config.RepositoryConfigurationDelegate - Multiple Spring Data modules found, entering strict repository configuration mode
2023-05-24 16:45:40.286 [main] INFO  o.s.d.r.config.RepositoryConfigurationDelegate - Bootstrapping Spring Data Redis repositories in DEFAULT mode.
2023-05-24 16:45:40.330 [main] INFO  o.s.d.r.config.RepositoryConfigurationDelegate - Finished Spring Data repository scanning in 32 ms. Found 0 Redis repository interfaces.
2023-05-24 16:45:41.015 [main] INFO  o.s.boot.web.embedded.tomcat.TomcatWebServer - Tomcat initialized with port(s): 8080 (http)
2023-05-24 16:45:41.023 [main] INFO  org.apache.coyote.http11.Http11NioProtocol - Initializing ProtocolHandler ["http-nio-8080"]
2023-05-24 16:45:41.024 [main] INFO  org.apache.catalina.core.StandardService - Starting service [Tomcat]
2023-05-24 16:45:41.024 [main] INFO  org.apache.catalina.core.StandardEngine - Starting Servlet engine: [Apache Tomcat/10.1.7]
2023-05-24 16:45:41.145 [main] INFO  o.a.c.core.ContainerBase.[Tomcat].[localhost].[/] - Initializing Spring embedded WebApplicationContext
2023-05-24 16:45:41.145 [main] INFO  o.s.b.w.s.c.ServletWebServerApplicationContext - Root WebApplicationContext: initialization completed in 1591 ms
2023-05-24 16:45:43.571 [main] INFO  o.s.security.web.DefaultSecurityFilterChain - Will secure any request with [org.springframework.security.web.session.DisableEncodeUrlFilter@44dcc0e4, org.springframework.security.web.context.request.async.WebAsyncManagerIntegrationFilter@2114eb1a, org.springframework.security.web.context.SecurityContextHolderFilter@4b9b5da5, org.springframework.security.web.header.HeaderWriterFilter@f453129, org.springframework.security.web.authentication.logout.LogoutFilter@21780905, com.soft2242.one.base.security.filter.AuthenticationTokenFilter@edbc2bf, org.springframework.security.web.savedrequest.RequestCacheAwareFilter@7acfcfc4, org.springframework.security.web.servletapi.SecurityContextHolderAwareRequestFilter@61fa3583, org.springframework.security.web.authentication.AnonymousAuthenticationFilter@7e514482, org.springframework.security.web.session.SessionManagementFilter@2346f77a, org.springframework.security.web.access.ExceptionTranslationFilter@736f8837, org.springframework.security.web.access.intercept.AuthorizationFilter@6cd6698b]
2023-05-24 16:45:43.968 [main] INFO  com.fhs.common.spring.SpringContextUtil - ------SpringContextUtil setApplicationContext-------
2023-05-24 16:45:44.280 [main] INFO  org.apache.coyote.http11.Http11NioProtocol - Starting ProtocolHandler ["http-nio-8080"]
2023-05-24 16:45:44.300 [main] INFO  o.s.boot.web.embedded.tomcat.TomcatWebServer - Tomcat started on port(s): 8080 (http) with context path ''
2023-05-24 16:45:44.310 [main] INFO  com.soft2242.one.ServerApplication - Started ServerApplication in 5.291 seconds (process running for 6.142)
2023-05-24 16:45:48.663 [http-nio-8080-exec-1] INFO  o.a.c.core.ContainerBase.[Tomcat].[localhost].[/] - Initializing Spring DispatcherServlet 'dispatcherServlet'
2023-05-24 16:45:48.663 [http-nio-8080-exec-1] INFO  org.springframework.web.servlet.DispatcherServlet - Initializing Servlet 'dispatcherServlet'
2023-05-24 16:45:48.664 [http-nio-8080-exec-1] INFO  org.springframework.web.servlet.DispatcherServlet - Completed initialization in 1 ms
2023-05-24 16:45:49.125 [http-nio-8080-exec-1] INFO  com.zaxxer.hikari.HikariDataSource - MyHikariCP - Starting...
2023-05-24 16:45:49.529 [http-nio-8080-exec-1] INFO  com.zaxxer.hikari.pool.HikariPool - MyHikariCP - Added connection com.mysql.cj.jdbc.ConnectionImpl@78259d19
2023-05-24 16:45:49.530 [http-nio-8080-exec-1] INFO  com.zaxxer.hikari.HikariDataSource - MyHikariCP - Start completed.
2023-05-24 16:48:36.819 [SpringApplicationShutdownHook] INFO  com.zaxxer.hikari.HikariDataSource - MyHikariCP - Shutdown initiated...
2023-05-24 16:48:36.853 [SpringApplicationShutdownHook] INFO  com.zaxxer.hikari.HikariDataSource - MyHikariCP - Shutdown completed.
2023-05-24 16:48:39.452 [background-preinit] INFO  org.hibernate.validator.internal.util.Version - HV000001: Hibernate Validator 8.0.0.Final
2023-05-24 16:48:39.490 [main] INFO  com.soft2242.one.ServerApplication - Starting ServerApplication using Java 17.0.1 with PID 40140 (D:\JavaPrograme\community-admin-api\admin-api-server\target\classes started by 84508 in D:\JavaPrograme\community-admin-api)
2023-05-24 16:48:39.491 [main] INFO  com.soft2242.one.ServerApplication - The following 1 profile is active: "dev"
2023-05-24 16:48:40.259 [main] INFO  o.s.d.r.config.RepositoryConfigurationDelegate - Multiple Spring Data modules found, entering strict repository configuration mode
2023-05-24 16:48:40.261 [main] INFO  o.s.d.r.config.RepositoryConfigurationDelegate - Bootstrapping Spring Data Redis repositories in DEFAULT mode.
2023-05-24 16:48:40.308 [main] INFO  o.s.d.r.config.RepositoryConfigurationDelegate - Finished Spring Data repository scanning in 34 ms. Found 0 Redis repository interfaces.
2023-05-24 16:48:41.040 [main] INFO  o.s.boot.web.embedded.tomcat.TomcatWebServer - Tomcat initialized with port(s): 8080 (http)
2023-05-24 16:48:41.047 [main] INFO  org.apache.coyote.http11.Http11NioProtocol - Initializing ProtocolHandler ["http-nio-8080"]
2023-05-24 16:48:41.048 [main] INFO  org.apache.catalina.core.StandardService - Starting service [Tomcat]
2023-05-24 16:48:41.048 [main] INFO  org.apache.catalina.core.StandardEngine - Starting Servlet engine: [Apache Tomcat/10.1.7]
2023-05-24 16:48:41.166 [main] INFO  o.a.c.core.ContainerBase.[Tomcat].[localhost].[/] - Initializing Spring embedded WebApplicationContext
2023-05-24 16:48:41.166 [main] INFO  o.s.b.w.s.c.ServletWebServerApplicationContext - Root WebApplicationContext: initialization completed in 1645 ms
2023-05-24 16:48:43.576 [main] INFO  o.s.security.web.DefaultSecurityFilterChain - Will secure any request with [org.springframework.security.web.session.DisableEncodeUrlFilter@5c7e55a4, org.springframework.security.web.context.request.async.WebAsyncManagerIntegrationFilter@7ae6927, org.springframework.security.web.context.SecurityContextHolderFilter@5cc669d, org.springframework.security.web.header.HeaderWriterFilter@6ac2c5a1, org.springframework.security.web.authentication.logout.LogoutFilter@2336d3f, com.soft2242.one.base.security.filter.AuthenticationTokenFilter@edbc2bf, org.springframework.security.web.savedrequest.RequestCacheAwareFilter@212c0aff, org.springframework.security.web.servletapi.SecurityContextHolderAwareRequestFilter@21780905, org.springframework.security.web.authentication.AnonymousAuthenticationFilter@7d0df326, org.springframework.security.web.session.SessionManagementFilter@21022cbb, org.springframework.security.web.access.ExceptionTranslationFilter@299ea986, org.springframework.security.web.access.intercept.AuthorizationFilter@5d04fbb7]
2023-05-24 16:48:43.988 [main] INFO  com.fhs.common.spring.SpringContextUtil - ------SpringContextUtil setApplicationContext-------
2023-05-24 16:48:44.327 [main] INFO  org.apache.coyote.http11.Http11NioProtocol - Starting ProtocolHandler ["http-nio-8080"]
2023-05-24 16:48:44.349 [main] INFO  o.s.boot.web.embedded.tomcat.TomcatWebServer - Tomcat started on port(s): 8080 (http) with context path ''
2023-05-24 16:48:44.357 [main] INFO  com.soft2242.one.ServerApplication - Started ServerApplication in 5.347 seconds (process running for 6.191)
2023-05-24 16:49:17.606 [http-nio-8080-exec-1] INFO  o.a.c.core.ContainerBase.[Tomcat].[localhost].[/] - Initializing Spring DispatcherServlet 'dispatcherServlet'
2023-05-24 16:49:17.607 [http-nio-8080-exec-1] INFO  org.springframework.web.servlet.DispatcherServlet - Initializing Servlet 'dispatcherServlet'
2023-05-24 16:49:17.608 [http-nio-8080-exec-1] INFO  org.springframework.web.servlet.DispatcherServlet - Completed initialization in 1 ms
2023-05-24 16:49:29.783 [http-nio-8080-exec-28] INFO  org.springdoc.api.AbstractOpenApiResource - Init duration for springdoc-openapi is: 476 ms
2023-05-24 16:51:03.137 [background-preinit] INFO  org.hibernate.validator.internal.util.Version - HV000001: Hibernate Validator 8.0.0.Final
2023-05-24 16:51:03.177 [main] INFO  com.soft2242.one.ServerApplication - Starting ServerApplication using Java 17.0.1 with PID 35784 (D:\JavaPrograme\community-admin-api\admin-api-server\target\classes started by 84508 in D:\JavaPrograme\community-admin-api)
2023-05-24 16:51:03.178 [main] INFO  com.soft2242.one.ServerApplication - The following 1 profile is active: "dev"
2023-05-24 16:51:03.920 [main] INFO  o.s.d.r.config.RepositoryConfigurationDelegate - Multiple Spring Data modules found, entering strict repository configuration mode
2023-05-24 16:51:03.922 [main] INFO  o.s.d.r.config.RepositoryConfigurationDelegate - Bootstrapping Spring Data Redis repositories in DEFAULT mode.
2023-05-24 16:51:03.963 [main] INFO  o.s.d.r.config.RepositoryConfigurationDelegate - Finished Spring Data repository scanning in 30 ms. Found 0 Redis repository interfaces.
2023-05-24 16:51:04.639 [main] INFO  o.s.boot.web.embedded.tomcat.TomcatWebServer - Tomcat initialized with port(s): 8080 (http)
2023-05-24 16:51:04.647 [main] INFO  org.apache.coyote.http11.Http11NioProtocol - Initializing ProtocolHandler ["http-nio-8080"]
2023-05-24 16:51:04.647 [main] INFO  org.apache.catalina.core.StandardService - Starting service [Tomcat]
2023-05-24 16:51:04.647 [main] INFO  org.apache.catalina.core.StandardEngine - Starting Servlet engine: [Apache Tomcat/10.1.7]
2023-05-24 16:51:04.770 [main] INFO  o.a.c.core.ContainerBase.[Tomcat].[localhost].[/] - Initializing Spring embedded WebApplicationContext
2023-05-24 16:51:04.770 [main] INFO  o.s.b.w.s.c.ServletWebServerApplicationContext - Root WebApplicationContext: initialization completed in 1561 ms
2023-05-24 16:51:07.186 [main] INFO  o.s.security.web.DefaultSecurityFilterChain - Will secure any request with [org.springframework.security.web.session.DisableEncodeUrlFilter@44dcc0e4, org.springframework.security.web.context.request.async.WebAsyncManagerIntegrationFilter@2114eb1a, org.springframework.security.web.context.SecurityContextHolderFilter@4b9b5da5, org.springframework.security.web.header.HeaderWriterFilter@f453129, org.springframework.security.web.authentication.logout.LogoutFilter@21780905, com.soft2242.one.base.security.filter.AuthenticationTokenFilter@e91facf, org.springframework.security.web.savedrequest.RequestCacheAwareFilter@7acfcfc4, org.springframework.security.web.servletapi.SecurityContextHolderAwareRequestFilter@61fa3583, org.springframework.security.web.authentication.AnonymousAuthenticationFilter@7e514482, org.springframework.security.web.session.SessionManagementFilter@2346f77a, org.springframework.security.web.access.ExceptionTranslationFilter@736f8837, org.springframework.security.web.access.intercept.AuthorizationFilter@6cd6698b]
2023-05-24 16:51:07.571 [main] INFO  com.fhs.common.spring.SpringContextUtil - ------SpringContextUtil setApplicationContext-------
2023-05-24 16:51:07.828 [main] INFO  org.apache.coyote.http11.Http11NioProtocol - Starting ProtocolHandler ["http-nio-8080"]
2023-05-24 16:51:07.848 [main] INFO  o.s.boot.web.embedded.tomcat.TomcatWebServer - Tomcat started on port(s): 8080 (http) with context path ''
2023-05-24 16:51:07.856 [main] INFO  com.soft2242.one.ServerApplication - Started ServerApplication in 5.164 seconds (process running for 5.971)
2023-05-24 16:51:24.101 [http-nio-8080-exec-1] INFO  o.a.c.core.ContainerBase.[Tomcat].[localhost].[/] - Initializing Spring DispatcherServlet 'dispatcherServlet'
2023-05-24 16:51:24.102 [http-nio-8080-exec-1] INFO  org.springframework.web.servlet.DispatcherServlet - Initializing Servlet 'dispatcherServlet'
2023-05-24 16:51:24.103 [http-nio-8080-exec-1] INFO  org.springframework.web.servlet.DispatcherServlet - Completed initialization in 1 ms
2023-05-24 16:51:24.600 [http-nio-8080-exec-1] INFO  com.zaxxer.hikari.HikariDataSource - MyHikariCP - Starting...
2023-05-24 16:51:24.927 [http-nio-8080-exec-1] INFO  com.zaxxer.hikari.pool.HikariPool - MyHikariCP - Added connection com.mysql.cj.jdbc.ConnectionImpl@20c187c5
2023-05-24 16:51:24.928 [http-nio-8080-exec-1] INFO  com.zaxxer.hikari.HikariDataSource - MyHikariCP - Start completed.
2023-05-24 16:52:03.295 [SpringApplicationShutdownHook] INFO  com.zaxxer.hikari.HikariDataSource - MyHikariCP - Shutdown initiated...
2023-05-24 16:52:03.327 [SpringApplicationShutdownHook] INFO  com.zaxxer.hikari.HikariDataSource - MyHikariCP - Shutdown completed.
2023-05-24 16:52:07.691 [background-preinit] INFO  org.hibernate.validator.internal.util.Version - HV000001: Hibernate Validator 8.0.0.Final
2023-05-24 16:52:07.731 [main] INFO  com.soft2242.one.ServerApplication - Starting ServerApplication using Java 17.0.1 with PID 33864 (D:\JavaPrograme\community-admin-api\admin-api-server\target\classes started by 84508 in D:\JavaPrograme\community-admin-api)
2023-05-24 16:52:07.732 [main] INFO  com.soft2242.one.ServerApplication - The following 1 profile is active: "dev"
2023-05-24 16:52:08.510 [main] INFO  o.s.d.r.config.RepositoryConfigurationDelegate - Multiple Spring Data modules found, entering strict repository configuration mode
2023-05-24 16:52:08.512 [main] INFO  o.s.d.r.config.RepositoryConfigurationDelegate - Bootstrapping Spring Data Redis repositories in DEFAULT mode.
2023-05-24 16:52:08.557 [main] INFO  o.s.d.r.config.RepositoryConfigurationDelegate - Finished Spring Data repository scanning in 33 ms. Found 0 Redis repository interfaces.
2023-05-24 16:52:09.280 [main] INFO  o.s.boot.web.embedded.tomcat.TomcatWebServer - Tomcat initialized with port(s): 8080 (http)
2023-05-24 16:52:09.288 [main] INFO  org.apache.coyote.http11.Http11NioProtocol - Initializing ProtocolHandler ["http-nio-8080"]
2023-05-24 16:52:09.289 [main] INFO  org.apache.catalina.core.StandardService - Starting service [Tomcat]
2023-05-24 16:52:09.289 [main] INFO  org.apache.catalina.core.StandardEngine - Starting Servlet engine: [Apache Tomcat/10.1.7]
2023-05-24 16:52:09.414 [main] INFO  o.a.c.core.ContainerBase.[Tomcat].[localhost].[/] - Initializing Spring embedded WebApplicationContext
2023-05-24 16:52:09.414 [main] INFO  o.s.b.w.s.c.ServletWebServerApplicationContext - Root WebApplicationContext: initialization completed in 1652 ms
2023-05-24 16:52:11.867 [main] INFO  o.s.security.web.DefaultSecurityFilterChain - Will secure any request with [org.springframework.security.web.session.DisableEncodeUrlFilter@43f7f48d, org.springframework.security.web.context.request.async.WebAsyncManagerIntegrationFilter@6d0a4a22, org.springframework.security.web.context.SecurityContextHolderFilter@21780905, org.springframework.security.web.header.HeaderWriterFilter@66a8ff6d, org.springframework.security.web.authentication.logout.LogoutFilter@750457a5, com.soft2242.one.base.security.filter.AuthenticationTokenFilter@62ab5e63, org.springframework.security.web.savedrequest.RequestCacheAwareFilter@2dbcee03, org.springframework.security.web.servletapi.SecurityContextHolderAwareRequestFilter@6c8672b9, org.springframework.security.web.authentication.AnonymousAuthenticationFilter@1999e1f5, org.springframework.security.web.session.SessionManagementFilter@5cc669d, org.springframework.security.web.access.ExceptionTranslationFilter@6ac2c5a1, org.springframework.security.web.access.intercept.AuthorizationFilter@7ae6927]
2023-05-24 16:52:12.257 [main] INFO  com.fhs.common.spring.SpringContextUtil - ------SpringContextUtil setApplicationContext-------
2023-05-24 16:52:12.550 [main] INFO  org.apache.coyote.http11.Http11NioProtocol - Starting ProtocolHandler ["http-nio-8080"]
2023-05-24 16:52:12.570 [main] INFO  o.s.boot.web.embedded.tomcat.TomcatWebServer - Tomcat started on port(s): 8080 (http) with context path ''
2023-05-24 16:52:12.579 [main] INFO  com.soft2242.one.ServerApplication - Started ServerApplication in 5.333 seconds (process running for 6.144)
2023-05-24 16:52:19.362 [http-nio-8080-exec-1] INFO  o.a.c.core.ContainerBase.[Tomcat].[localhost].[/] - Initializing Spring DispatcherServlet 'dispatcherServlet'
2023-05-24 16:52:19.362 [http-nio-8080-exec-1] INFO  org.springframework.web.servlet.DispatcherServlet - Initializing Servlet 'dispatcherServlet'
2023-05-24 16:52:19.363 [http-nio-8080-exec-1] INFO  org.springframework.web.servlet.DispatcherServlet - Completed initialization in 1 ms
2023-05-24 16:52:19.853 [http-nio-8080-exec-1] INFO  com.zaxxer.hikari.HikariDataSource - MyHikariCP - Starting...
2023-05-24 16:52:20.228 [http-nio-8080-exec-1] INFO  com.zaxxer.hikari.pool.HikariPool - MyHikariCP - Added connection com.mysql.cj.jdbc.ConnectionImpl@7a77a0ec
2023-05-24 16:52:20.229 [http-nio-8080-exec-1] INFO  com.zaxxer.hikari.HikariDataSource - MyHikariCP - Start completed.
2023-05-24 17:02:18.599 [SpringApplicationShutdownHook] INFO  com.zaxxer.hikari.HikariDataSource - MyHikariCP - Shutdown initiated...
2023-05-24 17:02:18.636 [SpringApplicationShutdownHook] INFO  com.zaxxer.hikari.HikariDataSource - MyHikariCP - Shutdown completed.
